<?xml version="1.0" encoding="utf-8"?>
<!DOCTYPE coverage SYSTEM "http://cobertura.sourceforge.net/xml/coverage-04.dtd">
<coverage line-rate="0.8263836239575436" branch-rate="0.7057057057057057" lines-covered="1090" lines-valid="1319" branches-covered="235" branches-valid="333" complexity="417" version="0" timestamp="1637276811">
  <sources>
    <source>D:\TeamProgramming\ExercisesGenerator\</source>
    <source>C:\</source>
  </sources>
  <packages>
    <package name="Tools" line-rate="0.7170795306388527" branch-rate="0.7584905660377359" complexity="329">
      <classes>
        <class name="Tools.CheckerData" filename="D:\TeamProgramming\ExercisesGenerator\Tools\CheckerData.cs" line-rate="0" branch-rate="0" complexity="6">
          <methods>
            <method name=".ctor" signature="()" line-rate="0" branch-rate="1" complexity="1">
              <lines>
                <line number="49" hits="0" branch="false" />
                <line number="51" hits="0" branch="false" />
                <line number="53" hits="0" branch="false" />
                <line number="55" hits="0" branch="false" />
                <line number="57" hits="0" branch="false" />
              </lines>
            </method>
            <method name=".ctor" signature="()" line-rate="0" branch-rate="1" complexity="1">
              <lines>
                <line number="24" hits="0" branch="false" />
                <line number="25" hits="0" branch="false" />
                <line number="26" hits="0" branch="false" />
                <line number="27" hits="0" branch="false" />
              </lines>
            </method>
            <method name=".ctor" signature="(...)" line-rate="0" branch-rate="0" complexity="4">
              <lines>
                <line number="29" hits="0" branch="false" />
                <line number="30" hits="0" branch="false" />
                <line number="31" hits="0" branch="false" />
                <line number="32" hits="0" branch="false" />
                <line number="33" hits="0" branch="false" />
                <line number="34" hits="0" branch="false" />
                <line number="35" hits="0" branch="false" />
                <line number="36" hits="0" branch="true" condition-coverage="0% (0/4)" />
                <line number="37" hits="0" branch="false" />
                <line number="38" hits="0" branch="false" />
                <line number="39" hits="0" branch="false" />
                <line number="41" hits="0" branch="false" />
                <line number="42" hits="0" branch="false" />
                <line number="43" hits="0" branch="false" />
                <line number="45" hits="0" branch="false" />
                <line number="46" hits="0" branch="false" />
              </lines>
            </method>
          </methods>
          <lines>
            <line number="24" hits="0" branch="false" />
            <line number="25" hits="0" branch="false" />
            <line number="26" hits="0" branch="false" />
            <line number="27" hits="0" branch="false" />
            <line number="29" hits="0" branch="false" />
            <line number="30" hits="0" branch="false" />
            <line number="31" hits="0" branch="false" />
            <line number="32" hits="0" branch="false" />
            <line number="33" hits="0" branch="false" />
            <line number="34" hits="0" branch="false" />
            <line number="35" hits="0" branch="false" />
            <line number="36" hits="0" branch="true" condition-coverage="0% (0/4)" />
            <line number="37" hits="0" branch="false" />
            <line number="38" hits="0" branch="false" />
            <line number="39" hits="0" branch="false" />
            <line number="41" hits="0" branch="false" />
            <line number="42" hits="0" branch="false" />
            <line number="43" hits="0" branch="false" />
            <line number="45" hits="0" branch="false" />
            <line number="46" hits="0" branch="false" />
            <line number="49" hits="0" branch="false" />
            <line number="51" hits="0" branch="false" />
            <line number="53" hits="0" branch="false" />
            <line number="55" hits="0" branch="false" />
            <line number="57" hits="0" branch="false" />
          </lines>
        </class>
        <class name="Tools.Expression" filename="D:\TeamProgramming\ExercisesGenerator\Tools\Expression.cs" line-rate="0.772189349112426" branch-rate="0.7484276729559748" complexity="160">
          <methods>
            <method name="FillCanUseOperators" signature="(...)" line-rate="0" branch-rate="0" complexity="8">
              <lines>
                <line number="32" hits="0" branch="false" />
                <line number="33" hits="0" branch="false" />
                <line number="34" hits="0" branch="true" condition-coverage="0% (0/2)" />
                <line number="35" hits="0" branch="false" />
                <line number="36" hits="0" branch="false" />
                <line number="37" hits="0" branch="false" />
                <line number="38" hits="0" branch="true" condition-coverage="0% (0/2)" />
                <line number="39" hits="0" branch="false" />
                <line number="40" hits="0" branch="false" />
                <line number="41" hits="0" branch="false" />
                <line number="42" hits="0" branch="true" condition-coverage="0% (0/2)" />
                <line number="43" hits="0" branch="false" />
                <line number="44" hits="0" branch="false" />
                <line number="45" hits="0" branch="false" />
                <line number="46" hits="0" branch="true" condition-coverage="0% (0/2)" />
                <line number="47" hits="0" branch="false" />
                <line number="48" hits="0" branch="false" />
                <line number="49" hits="0" branch="false" />
                <line number="50" hits="0" branch="false" />
              </lines>
            </method>
            <method name="GetRandomExpression" signature="()" line-rate="0" branch-rate="0" complexity="26">
              <lines>
                <line number="57" hits="0" branch="false" />
                <line number="58" hits="0" branch="false" />
                <line number="59" hits="0" branch="false" />
                <line number="61" hits="0" branch="false" />
                <line number="62" hits="0" branch="false" />
                <line number="64" hits="0" branch="true" condition-coverage="0% (0/2)" />
                <line number="65" hits="0" branch="false" />
                <line number="66" hits="0" branch="false" />
                <line number="67" hits="0" branch="false" />
                <line number="68" hits="0" branch="true" condition-coverage="0% (0/4)" />
                <line number="69" hits="0" branch="false" />
                <line number="70" hits="0" branch="false" />
                <line number="71" hits="0" branch="false" />
                <line number="72" hits="0" branch="false" />
                <line number="73" hits="0" branch="false" />
                <line number="74" hits="0" branch="true" condition-coverage="0% (0/2)" />
                <line number="75" hits="0" branch="false" />
                <line number="76" hits="0" branch="false" />
                <line number="77" hits="0" branch="false" />
                <line number="78" hits="0" branch="false" />
                <line number="79" hits="0" branch="true" condition-coverage="0% (0/2)" />
                <line number="80" hits="0" branch="false" />
                <line number="81" hits="0" branch="false" />
                <line number="82" hits="0" branch="false" />
                <line number="83" hits="0" branch="false" />
                <line number="84" hits="0" branch="true" condition-coverage="0% (0/4)" />
                <line number="85" hits="0" branch="false" />
                <line number="87" hits="0" branch="false" />
                <line number="88" hits="0" branch="false" />
                <line number="89" hits="0" branch="true" condition-coverage="0% (0/4)" />
                <line number="90" hits="0" branch="false" />
                <line number="91" hits="0" branch="true" condition-coverage="0% (0/2)" />
                <line number="92" hits="0" branch="false" />
                <line number="93" hits="0" branch="false" />
                <line number="94" hits="0" branch="false" />
                <line number="96" hits="0" branch="true" condition-coverage="0% (0/2)" />
                <line number="97" hits="0" branch="false" />
                <line number="98" hits="0" branch="false" />
                <line number="100" hits="0" branch="false" />
                <line number="102" hits="0" branch="false" />
                <line number="103" hits="0" branch="false" />
                <line number="105" hits="0" branch="false" />
                <line number="106" hits="0" branch="false" />
                <line number="107" hits="0" branch="false" />
                <line number="108" hits="0" branch="false" />
                <line number="109" hits="0" branch="true" condition-coverage="0% (0/2)" />
                <line number="110" hits="0" branch="false" />
                <line number="111" hits="0" branch="false" />
                <line number="112" hits="0" branch="false" />
                <line number="113" hits="0" branch="false" />
                <line number="114" hits="0" branch="true" condition-coverage="0% (0/2)" />
                <line number="115" hits="0" branch="false" />
                <line number="116" hits="0" branch="false" />
                <line number="117" hits="0" branch="false" />
                <line number="118" hits="0" branch="false" />
                <line number="119" hits="0" branch="false" />
                <line number="121" hits="0" branch="false" />
                <line number="122" hits="0" branch="false" />
              </lines>
            </method>
            <method name="StringToExpression" signature="(...)" line-rate="1" branch-rate="0.896551724137931" complexity="58">
              <lines>
                <line number="130" hits="10" branch="false" />
                <line number="131" hits="10" branch="true" condition-coverage="100% (2/2)" />
                <line number="132" hits="1" branch="false" />
                <line number="133" hits="1" branch="false" />
                <line number="135" hits="9" branch="false" />
                <line number="137" hits="9" branch="false" />
                <line number="138" hits="234" branch="true" condition-coverage="100% (2/2)" />
                <line number="139" hits="108" branch="false" />
                <line number="140" hits="108" branch="true" condition-coverage="100% (2/2)" />
                <line number="141" hits="32" branch="false" />
                <line number="142" hits="32" branch="false" />
                <line number="143" hits="32" branch="false" />
                <line number="144" hits="98" branch="true" condition-coverage="100% (4/4)" />
                <line number="145" hits="33" branch="false" />
                <line number="146" hits="33" branch="false" />
                <line number="147" hits="33" branch="false" />
                <line number="148" hits="33" branch="false" />
                <line number="149" hits="32" branch="false" />
                <line number="150" hits="32" branch="false" />
                <line number="151" hits="32" branch="false" />
                <line number="152" hits="76" branch="true" condition-coverage="100% (2/2)" />
                <line number="153" hits="8" branch="false" />
                <line number="154" hits="8" branch="false" />
                <line number="155" hits="8" branch="true" condition-coverage="100% (2/2)" />
                <line number="156" hits="8" branch="false" />
                <line number="158" hits="8" branch="false" />
                <line number="159" hits="8" branch="false" />
                <line number="160" hits="8" branch="false" />
                <line number="161" hits="24" branch="true" condition-coverage="75% (3/4)" />
                <line number="162" hits="8" branch="false" />
                <line number="163" hits="8" branch="false" />
                <line number="164" hits="8" branch="false" />
                <line number="165" hits="8" branch="false" />
                <line number="167" hits="8" branch="false" />
                <line number="168" hits="32" branch="true" condition-coverage="75% (3/4)" />
                <line number="169" hits="8" branch="false" />
                <line number="170" hits="8" branch="false" />
                <line number="171" hits="8" branch="false" />
                <line number="172" hits="8" branch="false" />
                <line number="174" hits="8" branch="false" />
                <line number="175" hits="8" branch="false" />
                <line number="176" hits="8" branch="false" />
                <line number="177" hits="8" branch="false" />
                <line number="178" hits="8" branch="false" />
                <line number="179" hits="8" branch="false" />
                <line number="180" hits="68" branch="true" condition-coverage="100% (2/2)" />
                <line number="181" hits="7" branch="false" />
                <line number="182" hits="7" branch="false" />
                <line number="183" hits="26" branch="true" condition-coverage="75% (3/4)" />
                <line number="184" hits="6" branch="false" />
                <line number="185" hits="6" branch="false" />
                <line number="186" hits="6" branch="false" />
                <line number="187" hits="6" branch="false" />
                <line number="189" hits="7" branch="false" />
                <line number="190" hits="30" branch="true" condition-coverage="75% (3/4)" />
                <line number="191" hits="8" branch="false" />
                <line number="192" hits="8" branch="false" />
                <line number="193" hits="8" branch="false" />
                <line number="194" hits="8" branch="false" />
                <line number="196" hits="7" branch="false" />
                <line number="197" hits="7" branch="false" />
                <line number="198" hits="7" branch="false" />
                <line number="199" hits="7" branch="false" />
                <line number="200" hits="61" branch="true" condition-coverage="100% (4/4)" />
                <line number="201" hits="33" branch="false" />
                <line number="202" hits="33" branch="true" condition-coverage="100% (6/6)" />
                <line number="203" hits="9" branch="false" />
                <line number="204" hits="9" branch="true" condition-coverage="50% (1/2)" />
                <line number="205" hits="9" branch="false" />
                <line number="206" hits="9" branch="false" />
                <line number="207" hits="46" branch="true" condition-coverage="75% (3/4)" />
                <line number="208" hits="14" branch="false" />
                <line number="209" hits="14" branch="false" />
                <line number="210" hits="14" branch="false" />
                <line number="211" hits="14" branch="false" />
                <line number="212" hits="9" branch="false" />
                <line number="213" hits="9" branch="false" />
                <line number="214" hits="9" branch="false" />
                <line number="215" hits="9" branch="false" />
                <line number="217" hits="24" branch="false" />
                <line number="218" hits="24" branch="true" condition-coverage="100% (2/2)" />
                <line number="219" hits="24" branch="false" />
                <line number="220" hits="33" branch="false" />
                <line number="221" hits="28" branch="true" condition-coverage="100% (4/4)" />
                <line number="222" hits="15" branch="false" />
                <line number="223" hits="15" branch="true" condition-coverage="100% (2/2)" />
                <line number="224" hits="15" branch="false" />
                <line number="226" hits="13" branch="false" />
                <line number="227" hits="13" branch="true" condition-coverage="100% (2/2)" />
                <line number="228" hits="13" branch="false" />
                <line number="229" hits="108" branch="false" />
                <line number="231" hits="9" branch="false" />
                <line number="232" hits="10" branch="false" />
              </lines>
            </method>
            <method name="ExpressionToString" signature="(...)" line-rate="1" branch-rate="1" complexity="6">
              <lines>
                <line number="240" hits="3" branch="false" />
                <line number="241" hits="3" branch="true" condition-coverage="100% (4/4)" />
                <line number="242" hits="2" branch="false" />
                <line number="243" hits="2" branch="false" />
                <line number="245" hits="1" branch="false" />
                <line number="246" hits="29" branch="true" condition-coverage="100% (2/2)" />
                <line number="247" hits="13" branch="false" />
                <line number="248" hits="13" branch="false" />
                <line number="249" hits="13" branch="false" />
                <line number="250" hits="13" branch="false" />
                <line number="252" hits="1" branch="false" />
                <line number="253" hits="3" branch="false" />
              </lines>
            </method>
            <method name="ExpressionToHTML" signature="(...)" line-rate="1" branch-rate="1" complexity="6">
              <lines>
                <line number="261" hits="3" branch="false" />
                <line number="262" hits="3" branch="true" condition-coverage="100% (4/4)" />
                <line number="263" hits="2" branch="false" />
                <line number="264" hits="2" branch="false" />
                <line number="266" hits="1" branch="false" />
                <line number="267" hits="33" branch="true" condition-coverage="100% (2/2)" />
                <line number="268" hits="15" branch="false" />
                <line number="269" hits="15" branch="false" />
                <line number="270" hits="15" branch="false" />
                <line number="271" hits="15" branch="false" />
                <line number="273" hits="1" branch="false" />
                <line number="274" hits="3" branch="false" />
              </lines>
            </method>
            <method name="InfixToPostfix" signature="(...)" line-rate="1" branch-rate="1" complexity="22">
              <lines>
                <line number="282" hits="7" branch="false" />
                <line number="283" hits="7" branch="true" condition-coverage="100% (4/4)" />
                <line number="284" hits="2" branch="false" />
                <line number="285" hits="2" branch="false" />
                <line number="287" hits="5" branch="false" />
                <line number="288" hits="5" branch="false" />
                <line number="289" hits="129" branch="true" condition-coverage="100% (2/2)" />
                <line number="290" hits="57" branch="false" />
                <line number="291" hits="57" branch="true" condition-coverage="100% (2/2)" />
                <line number="292" hits="29" branch="false" />
                <line number="293" hits="29" branch="true" condition-coverage="100% (2/2)" />
                <line number="294" hits="5" branch="false" />
                <line number="295" hits="5" branch="false" />
                <line number="296" hits="5" branch="false" />
                <line number="298" hits="24" branch="false" />
                <line number="299" hits="24" branch="true" condition-coverage="100% (2/2)" />
                <line number="300" hits="3" branch="false" />
                <line number="301" hits="3" branch="false" />
                <line number="302" hits="3" branch="false" />
                <line number="303" hits="21" branch="true" condition-coverage="100% (2/2)" />
                <line number="304" hits="3" branch="false" />
                <line number="305" hits="6" branch="true" condition-coverage="100% (2/2)" />
                <line number="306" hits="3" branch="false" />
                <line number="307" hits="3" branch="false" />
                <line number="308" hits="3" branch="false" />
                <line number="309" hits="3" branch="false" />
                <line number="310" hits="3" branch="false" />
                <line number="312" hits="18" branch="false" />
                <line number="313" hits="31" branch="true" condition-coverage="100% (4/4)" />
                <line number="314" hits="31" branch="false" />
                <line number="315" hits="13" branch="false" />
                <line number="316" hits="13" branch="false" />
                <line number="317" hits="13" branch="false" />
                <line number="318" hits="18" branch="false" />
                <line number="319" hits="18" branch="false" />
                <line number="320" hits="24" branch="false" />
                <line number="321" hits="29" branch="false" />
                <line number="323" hits="28" branch="false" />
                <line number="324" hits="28" branch="false" />
                <line number="325" hits="28" branch="false" />
                <line number="326" hits="57" branch="false" />
                <line number="327" hits="12" branch="true" condition-coverage="100% (2/2)" />
                <line number="328" hits="7" branch="false" />
                <line number="329" hits="7" branch="false" />
                <line number="330" hits="7" branch="false" />
                <line number="331" hits="5" branch="false" />
                <line number="332" hits="7" branch="false" />
              </lines>
            </method>
            <method name="CalculatePostfix" signature="(...)" line-rate="1" branch-rate="1" complexity="17">
              <lines>
                <line number="344" hits="7" branch="false" />
                <line number="345" hits="7" branch="true" condition-coverage="100% (4/4)" />
                <line number="346" hits="2" branch="false" />
                <line number="347" hits="2" branch="false" />
                <line number="350" hits="5" branch="false" />
                <line number="351" hits="5" branch="false" />
                <line number="352" hits="56" branch="true" condition-coverage="100% (2/2)" />
                <line number="353" hits="22" branch="false" />
                <line number="354" hits="22" branch="true" condition-coverage="100% (2/2)" />
                <line number="355" hits="9" branch="false" />
                <line number="356" hits="9" branch="true" condition-coverage="100% (2/2)" />
                <line number="357" hits="1" branch="false" />
                <line number="358" hits="1" branch="false" />
                <line number="360" hits="8" branch="false" />
                <line number="361" hits="8" branch="false" />
                <line number="363" hits="8" branch="true" condition-coverage="100% (5/5)" />
                <line number="366" hits="2" branch="false" />
                <line number="367" hits="2" branch="false" />
                <line number="369" hits="2" branch="false" />
                <line number="370" hits="2" branch="false" />
                <line number="372" hits="1" branch="false" />
                <line number="373" hits="1" branch="false" />
                <line number="376" hits="2" branch="false" />
                <line number="377" hits="2" branch="false" />
                <line number="378" hits="1" branch="false" />
                <line number="379" hits="1" branch="false" />
                <line number="380" hits="1" branch="false" />
                <line number="381" hits="1" branch="false" />
                <line number="383" hits="1" branch="false" />
                <line number="385" hits="1" branch="false" />
                <line number="387" hits="6" branch="false" />
                <line number="388" hits="6" branch="false" />
                <line number="390" hits="13" branch="false" />
                <line number="391" hits="13" branch="false" />
                <line number="392" hits="13" branch="false" />
                <line number="393" hits="19" branch="false" />
                <line number="394" hits="2" branch="true" condition-coverage="100% (2/2)" />
                <line number="395" hits="1" branch="false" />
                <line number="396" hits="1" branch="false" />
                <line number="399" hits="1" branch="false" />
                <line number="400" hits="1" branch="false" />
                <line number="401" hits="1" branch="false" />
                <line number="403" hits="1" branch="false" />
                <line number="406" hits="1" branch="false" />
              </lines>
            </method>
            <method name="PostfixToTree" signature="(...)" line-rate="1" branch-rate="1" complexity="16">
              <lines>
                <line number="416" hits="6" branch="false" />
                <line number="417" hits="6" branch="true" condition-coverage="100% (4/4)" />
                <line number="418" hits="2" branch="false" />
                <line number="419" hits="2" branch="false" />
                <line number="421" hits="4" branch="false" />
                <line number="422" hits="78" branch="true" condition-coverage="100% (2/2)" />
                <line number="423" hits="33" branch="false" />
                <line number="424" hits="33" branch="true" condition-coverage="100% (2/2)" />
                <line number="425" hits="14" branch="false" />
                <line number="426" hits="14" branch="true" condition-coverage="100% (4/4)" />
                <line number="427" hits="12" branch="false" />
                <line number="428" hits="12" branch="false" />
                <line number="429" hits="12" branch="false" />
                <line number="430" hits="12" branch="false" />
                <line number="431" hits="12" branch="true" condition-coverage="100% (2/2)" />
                <line number="432" hits="6" branch="false" />
                <line number="433" hits="6" branch="false" />
                <line number="434" hits="6" branch="false" />
                <line number="435" hits="6" branch="false" />
                <line number="437" hits="6" branch="false" />
                <line number="438" hits="6" branch="false" />
                <line number="439" hits="6" branch="false" />
                <line number="440" hits="6" branch="false" />
                <line number="441" hits="12" branch="false" />
                <line number="442" hits="12" branch="false" />
                <line number="444" hits="2" branch="false" />
                <line number="445" hits="2" branch="false" />
                <line number="446" hits="2" branch="false" />
                <line number="447" hits="2" branch="false" />
                <line number="448" hits="2" branch="false" />
                <line number="449" hits="2" branch="false" />
                <line number="450" hits="2" branch="false" />
                <line number="451" hits="2" branch="false" />
                <line number="452" hits="14" branch="false" />
                <line number="454" hits="19" branch="false" />
                <line number="455" hits="19" branch="false" />
                <line number="456" hits="19" branch="false" />
                <line number="457" hits="19" branch="false" />
                <line number="458" hits="33" branch="false" />
                <line number="459" hits="4" branch="true" condition-coverage="100% (2/2)" />
                <line number="460" hits="1" branch="false" />
                <line number="461" hits="1" branch="false" />
                <line number="464" hits="3" branch="false" />
                <line number="465" hits="3" branch="false" />
              </lines>
            </method>
            <method name=".cctor" signature="()" line-rate="1" branch-rate="1" complexity="1">
              <lines>
                <line number="13" hits="1" branch="false" />
                <line number="14" hits="1" branch="false" />
                <line number="15" hits="1" branch="false" />
                <line number="16" hits="1" branch="false" />
                <line number="17" hits="1" branch="false" />
                <line number="18" hits="1" branch="false" />
                <line number="19" hits="1" branch="false" />
                <line number="20" hits="1" branch="false" />
                <line number="26" hits="1" branch="false" />
              </lines>
            </method>
          </methods>
          <lines>
            <line number="13" hits="1" branch="false" />
            <line number="14" hits="1" branch="false" />
            <line number="15" hits="1" branch="false" />
            <line number="16" hits="1" branch="false" />
            <line number="17" hits="1" branch="false" />
            <line number="18" hits="1" branch="false" />
            <line number="19" hits="1" branch="false" />
            <line number="20" hits="1" branch="false" />
            <line number="26" hits="1" branch="false" />
            <line number="32" hits="0" branch="false" />
            <line number="33" hits="0" branch="false" />
            <line number="34" hits="0" branch="true" condition-coverage="0% (0/2)" />
            <line number="35" hits="0" branch="false" />
            <line number="36" hits="0" branch="false" />
            <line number="37" hits="0" branch="false" />
            <line number="38" hits="0" branch="true" condition-coverage="0% (0/2)" />
            <line number="39" hits="0" branch="false" />
            <line number="40" hits="0" branch="false" />
            <line number="41" hits="0" branch="false" />
            <line number="42" hits="0" branch="true" condition-coverage="0% (0/2)" />
            <line number="43" hits="0" branch="false" />
            <line number="44" hits="0" branch="false" />
            <line number="45" hits="0" branch="false" />
            <line number="46" hits="0" branch="true" condition-coverage="0% (0/2)" />
            <line number="47" hits="0" branch="false" />
            <line number="48" hits="0" branch="false" />
            <line number="49" hits="0" branch="false" />
            <line number="50" hits="0" branch="false" />
            <line number="57" hits="0" branch="false" />
            <line number="58" hits="0" branch="false" />
            <line number="59" hits="0" branch="false" />
            <line number="61" hits="0" branch="false" />
            <line number="62" hits="0" branch="false" />
            <line number="64" hits="0" branch="true" condition-coverage="0% (0/2)" />
            <line number="65" hits="0" branch="false" />
            <line number="66" hits="0" branch="false" />
            <line number="67" hits="0" branch="false" />
            <line number="68" hits="0" branch="true" condition-coverage="0% (0/4)" />
            <line number="69" hits="0" branch="false" />
            <line number="70" hits="0" branch="false" />
            <line number="71" hits="0" branch="false" />
            <line number="72" hits="0" branch="false" />
            <line number="73" hits="0" branch="false" />
            <line number="74" hits="0" branch="true" condition-coverage="0% (0/2)" />
            <line number="75" hits="0" branch="false" />
            <line number="76" hits="0" branch="false" />
            <line number="77" hits="0" branch="false" />
            <line number="78" hits="0" branch="false" />
            <line number="79" hits="0" branch="true" condition-coverage="0% (0/2)" />
            <line number="80" hits="0" branch="false" />
            <line number="81" hits="0" branch="false" />
            <line number="82" hits="0" branch="false" />
            <line number="83" hits="0" branch="false" />
            <line number="84" hits="0" branch="true" condition-coverage="0% (0/4)" />
            <line number="85" hits="0" branch="false" />
            <line number="87" hits="0" branch="false" />
            <line number="88" hits="0" branch="false" />
            <line number="89" hits="0" branch="true" condition-coverage="0% (0/4)" />
            <line number="90" hits="0" branch="false" />
            <line number="91" hits="0" branch="true" condition-coverage="0% (0/2)" />
            <line number="92" hits="0" branch="false" />
            <line number="93" hits="0" branch="false" />
            <line number="94" hits="0" branch="false" />
            <line number="96" hits="0" branch="true" condition-coverage="0% (0/2)" />
            <line number="97" hits="0" branch="false" />
            <line number="98" hits="0" branch="false" />
            <line number="100" hits="0" branch="false" />
            <line number="102" hits="0" branch="false" />
            <line number="103" hits="0" branch="false" />
            <line number="105" hits="0" branch="false" />
            <line number="106" hits="0" branch="false" />
            <line number="107" hits="0" branch="false" />
            <line number="108" hits="0" branch="false" />
            <line number="109" hits="0" branch="true" condition-coverage="0% (0/2)" />
            <line number="110" hits="0" branch="false" />
            <line number="111" hits="0" branch="false" />
            <line number="112" hits="0" branch="false" />
            <line number="113" hits="0" branch="false" />
            <line number="114" hits="0" branch="true" condition-coverage="0% (0/2)" />
            <line number="115" hits="0" branch="false" />
            <line number="116" hits="0" branch="false" />
            <line number="117" hits="0" branch="false" />
            <line number="118" hits="0" branch="false" />
            <line number="119" hits="0" branch="false" />
            <line number="121" hits="0" branch="false" />
            <line number="122" hits="0" branch="false" />
            <line number="130" hits="10" branch="false" />
            <line number="131" hits="10" branch="true" condition-coverage="100% (2/2)" />
            <line number="132" hits="1" branch="false" />
            <line number="133" hits="1" branch="false" />
            <line number="135" hits="9" branch="false" />
            <line number="137" hits="9" branch="false" />
            <line number="138" hits="234" branch="true" condition-coverage="100% (2/2)" />
            <line number="139" hits="108" branch="false" />
            <line number="140" hits="108" branch="true" condition-coverage="100% (2/2)" />
            <line number="141" hits="32" branch="false" />
            <line number="142" hits="32" branch="false" />
            <line number="143" hits="32" branch="false" />
            <line number="144" hits="98" branch="true" condition-coverage="100% (4/4)" />
            <line number="145" hits="33" branch="false" />
            <line number="146" hits="33" branch="false" />
            <line number="147" hits="33" branch="false" />
            <line number="148" hits="33" branch="false" />
            <line number="149" hits="32" branch="false" />
            <line number="150" hits="32" branch="false" />
            <line number="151" hits="32" branch="false" />
            <line number="152" hits="76" branch="true" condition-coverage="100% (2/2)" />
            <line number="153" hits="8" branch="false" />
            <line number="154" hits="8" branch="false" />
            <line number="155" hits="8" branch="true" condition-coverage="100% (2/2)" />
            <line number="156" hits="8" branch="false" />
            <line number="158" hits="8" branch="false" />
            <line number="159" hits="8" branch="false" />
            <line number="160" hits="8" branch="false" />
            <line number="161" hits="24" branch="true" condition-coverage="75% (3/4)" />
            <line number="162" hits="8" branch="false" />
            <line number="163" hits="8" branch="false" />
            <line number="164" hits="8" branch="false" />
            <line number="165" hits="8" branch="false" />
            <line number="167" hits="8" branch="false" />
            <line number="168" hits="32" branch="true" condition-coverage="75% (3/4)" />
            <line number="169" hits="8" branch="false" />
            <line number="170" hits="8" branch="false" />
            <line number="171" hits="8" branch="false" />
            <line number="172" hits="8" branch="false" />
            <line number="174" hits="8" branch="false" />
            <line number="175" hits="8" branch="false" />
            <line number="176" hits="8" branch="false" />
            <line number="177" hits="8" branch="false" />
            <line number="178" hits="8" branch="false" />
            <line number="179" hits="8" branch="false" />
            <line number="180" hits="68" branch="true" condition-coverage="100% (2/2)" />
            <line number="181" hits="7" branch="false" />
            <line number="182" hits="7" branch="false" />
            <line number="183" hits="26" branch="true" condition-coverage="75% (3/4)" />
            <line number="184" hits="6" branch="false" />
            <line number="185" hits="6" branch="false" />
            <line number="186" hits="6" branch="false" />
            <line number="187" hits="6" branch="false" />
            <line number="189" hits="7" branch="false" />
            <line number="190" hits="30" branch="true" condition-coverage="75% (3/4)" />
            <line number="191" hits="8" branch="false" />
            <line number="192" hits="8" branch="false" />
            <line number="193" hits="8" branch="false" />
            <line number="194" hits="8" branch="false" />
            <line number="196" hits="7" branch="false" />
            <line number="197" hits="7" branch="false" />
            <line number="198" hits="7" branch="false" />
            <line number="199" hits="7" branch="false" />
            <line number="200" hits="61" branch="true" condition-coverage="100% (4/4)" />
            <line number="201" hits="33" branch="false" />
            <line number="202" hits="33" branch="true" condition-coverage="100% (6/6)" />
            <line number="203" hits="9" branch="false" />
            <line number="204" hits="9" branch="true" condition-coverage="50% (1/2)" />
            <line number="205" hits="9" branch="false" />
            <line number="206" hits="9" branch="false" />
            <line number="207" hits="46" branch="true" condition-coverage="75% (3/4)" />
            <line number="208" hits="14" branch="false" />
            <line number="209" hits="14" branch="false" />
            <line number="210" hits="14" branch="false" />
            <line number="211" hits="14" branch="false" />
            <line number="212" hits="9" branch="false" />
            <line number="213" hits="9" branch="false" />
            <line number="214" hits="9" branch="false" />
            <line number="215" hits="9" branch="false" />
            <line number="217" hits="24" branch="false" />
            <line number="218" hits="24" branch="true" condition-coverage="100% (2/2)" />
            <line number="219" hits="24" branch="false" />
            <line number="220" hits="33" branch="false" />
            <line number="221" hits="28" branch="true" condition-coverage="100% (4/4)" />
            <line number="222" hits="15" branch="false" />
            <line number="223" hits="15" branch="true" condition-coverage="100% (2/2)" />
            <line number="224" hits="15" branch="false" />
            <line number="226" hits="13" branch="false" />
            <line number="227" hits="13" branch="true" condition-coverage="100% (2/2)" />
            <line number="228" hits="13" branch="false" />
            <line number="229" hits="108" branch="false" />
            <line number="231" hits="9" branch="false" />
            <line number="232" hits="10" branch="false" />
            <line number="240" hits="3" branch="false" />
            <line number="241" hits="3" branch="true" condition-coverage="100% (4/4)" />
            <line number="242" hits="2" branch="false" />
            <line number="243" hits="2" branch="false" />
            <line number="245" hits="1" branch="false" />
            <line number="246" hits="29" branch="true" condition-coverage="100% (2/2)" />
            <line number="247" hits="13" branch="false" />
            <line number="248" hits="13" branch="false" />
            <line number="249" hits="13" branch="false" />
            <line number="250" hits="13" branch="false" />
            <line number="252" hits="1" branch="false" />
            <line number="253" hits="3" branch="false" />
            <line number="261" hits="3" branch="false" />
            <line number="262" hits="3" branch="true" condition-coverage="100% (4/4)" />
            <line number="263" hits="2" branch="false" />
            <line number="264" hits="2" branch="false" />
            <line number="266" hits="1" branch="false" />
            <line number="267" hits="33" branch="true" condition-coverage="100% (2/2)" />
            <line number="268" hits="15" branch="false" />
            <line number="269" hits="15" branch="false" />
            <line number="270" hits="15" branch="false" />
            <line number="271" hits="15" branch="false" />
            <line number="273" hits="1" branch="false" />
            <line number="274" hits="3" branch="false" />
            <line number="282" hits="7" branch="false" />
            <line number="283" hits="7" branch="true" condition-coverage="100% (4/4)" />
            <line number="284" hits="2" branch="false" />
            <line number="285" hits="2" branch="false" />
            <line number="287" hits="5" branch="false" />
            <line number="288" hits="5" branch="false" />
            <line number="289" hits="129" branch="true" condition-coverage="100% (2/2)" />
            <line number="290" hits="57" branch="false" />
            <line number="291" hits="57" branch="true" condition-coverage="100% (2/2)" />
            <line number="292" hits="29" branch="false" />
            <line number="293" hits="29" branch="true" condition-coverage="100% (2/2)" />
            <line number="294" hits="5" branch="false" />
            <line number="295" hits="5" branch="false" />
            <line number="296" hits="5" branch="false" />
            <line number="298" hits="24" branch="false" />
            <line number="299" hits="24" branch="true" condition-coverage="100% (2/2)" />
            <line number="300" hits="3" branch="false" />
            <line number="301" hits="3" branch="false" />
            <line number="302" hits="3" branch="false" />
            <line number="303" hits="21" branch="true" condition-coverage="100% (2/2)" />
            <line number="304" hits="3" branch="false" />
            <line number="305" hits="6" branch="true" condition-coverage="100% (2/2)" />
            <line number="306" hits="3" branch="false" />
            <line number="307" hits="3" branch="false" />
            <line number="308" hits="3" branch="false" />
            <line number="309" hits="3" branch="false" />
            <line number="310" hits="3" branch="false" />
            <line number="312" hits="18" branch="false" />
            <line number="313" hits="31" branch="true" condition-coverage="100% (4/4)" />
            <line number="314" hits="31" branch="false" />
            <line number="315" hits="13" branch="false" />
            <line number="316" hits="13" branch="false" />
            <line number="317" hits="13" branch="false" />
            <line number="318" hits="18" branch="false" />
            <line number="319" hits="18" branch="false" />
            <line number="320" hits="24" branch="false" />
            <line number="321" hits="29" branch="false" />
            <line number="323" hits="28" branch="false" />
            <line number="324" hits="28" branch="false" />
            <line number="325" hits="28" branch="false" />
            <line number="326" hits="57" branch="false" />
            <line number="327" hits="12" branch="true" condition-coverage="100% (2/2)" />
            <line number="328" hits="7" branch="false" />
            <line number="329" hits="7" branch="false" />
            <line number="330" hits="7" branch="false" />
            <line number="331" hits="5" branch="false" />
            <line number="332" hits="7" branch="false" />
            <line number="344" hits="7" branch="false" />
            <line number="345" hits="7" branch="true" condition-coverage="100% (4/4)" />
            <line number="346" hits="2" branch="false" />
            <line number="347" hits="2" branch="false" />
            <line number="350" hits="5" branch="false" />
            <line number="351" hits="5" branch="false" />
            <line number="352" hits="56" branch="true" condition-coverage="100% (2/2)" />
            <line number="353" hits="22" branch="false" />
            <line number="354" hits="22" branch="true" condition-coverage="100% (2/2)" />
            <line number="355" hits="9" branch="false" />
            <line number="356" hits="9" branch="true" condition-coverage="100% (2/2)" />
            <line number="357" hits="1" branch="false" />
            <line number="358" hits="1" branch="false" />
            <line number="360" hits="8" branch="false" />
            <line number="361" hits="8" branch="false" />
            <line number="363" hits="8" branch="true" condition-coverage="100% (5/5)" />
            <line number="366" hits="2" branch="false" />
            <line number="367" hits="2" branch="false" />
            <line number="369" hits="2" branch="false" />
            <line number="370" hits="2" branch="false" />
            <line number="372" hits="1" branch="false" />
            <line number="373" hits="1" branch="false" />
            <line number="376" hits="2" branch="false" />
            <line number="377" hits="2" branch="false" />
            <line number="378" hits="1" branch="false" />
            <line number="379" hits="1" branch="false" />
            <line number="380" hits="1" branch="false" />
            <line number="381" hits="1" branch="false" />
            <line number="383" hits="1" branch="false" />
            <line number="385" hits="1" branch="false" />
            <line number="387" hits="6" branch="false" />
            <line number="388" hits="6" branch="false" />
            <line number="390" hits="13" branch="false" />
            <line number="391" hits="13" branch="false" />
            <line number="392" hits="13" branch="false" />
            <line number="393" hits="19" branch="false" />
            <line number="394" hits="2" branch="true" condition-coverage="100% (2/2)" />
            <line number="395" hits="1" branch="false" />
            <line number="396" hits="1" branch="false" />
            <line number="399" hits="1" branch="false" />
            <line number="400" hits="1" branch="false" />
            <line number="401" hits="1" branch="false" />
            <line number="403" hits="1" branch="false" />
            <line number="406" hits="1" branch="false" />
            <line number="416" hits="6" branch="false" />
            <line number="417" hits="6" branch="true" condition-coverage="100% (4/4)" />
            <line number="418" hits="2" branch="false" />
            <line number="419" hits="2" branch="false" />
            <line number="421" hits="4" branch="false" />
            <line number="422" hits="78" branch="true" condition-coverage="100% (2/2)" />
            <line number="423" hits="33" branch="false" />
            <line number="424" hits="33" branch="true" condition-coverage="100% (2/2)" />
            <line number="425" hits="14" branch="false" />
            <line number="426" hits="14" branch="true" condition-coverage="100% (4/4)" />
            <line number="427" hits="12" branch="false" />
            <line number="428" hits="12" branch="false" />
            <line number="429" hits="12" branch="false" />
            <line number="430" hits="12" branch="false" />
            <line number="431" hits="12" branch="true" condition-coverage="100% (2/2)" />
            <line number="432" hits="6" branch="false" />
            <line number="433" hits="6" branch="false" />
            <line number="434" hits="6" branch="false" />
            <line number="435" hits="6" branch="false" />
            <line number="437" hits="6" branch="false" />
            <line number="438" hits="6" branch="false" />
            <line number="439" hits="6" branch="false" />
            <line number="440" hits="6" branch="false" />
            <line number="441" hits="12" branch="false" />
            <line number="442" hits="12" branch="false" />
            <line number="444" hits="2" branch="false" />
            <line number="445" hits="2" branch="false" />
            <line number="446" hits="2" branch="false" />
            <line number="447" hits="2" branch="false" />
            <line number="448" hits="2" branch="false" />
            <line number="449" hits="2" branch="false" />
            <line number="450" hits="2" branch="false" />
            <line number="451" hits="2" branch="false" />
            <line number="452" hits="14" branch="false" />
            <line number="454" hits="19" branch="false" />
            <line number="455" hits="19" branch="false" />
            <line number="456" hits="19" branch="false" />
            <line number="457" hits="19" branch="false" />
            <line number="458" hits="33" branch="false" />
            <line number="459" hits="4" branch="true" condition-coverage="100% (2/2)" />
            <line number="460" hits="1" branch="false" />
            <line number="461" hits="1" branch="false" />
            <line number="464" hits="3" branch="false" />
            <line number="465" hits="3" branch="false" />
          </lines>
        </class>
        <class name="Tools.Fraction" filename="D:\TeamProgramming\ExercisesGenerator\Tools\Fraction.cs" line-rate="0.8" branch-rate="0.7777777777777778" complexity="24">
          <methods>
            <method name="GCD" signature="(...)" line-rate="1" branch-rate="1" complexity="2">
              <lines>
                <line number="34" hits="379" branch="false" />
                <line number="35" hits="379" branch="true" condition-coverage="100% (2/2)" />
                <line number="36" hits="379" branch="false" />
                <line number="37" hits="379" branch="false" />
              </lines>
            </method>
            <method name="Reduce" signature="()" line-rate="1" branch-rate="1" complexity="4">
              <lines>
                <line number="43" hits="114" branch="false" />
                <line number="44" hits="114" branch="true" condition-coverage="100% (2/2)" />
                <line number="45" hits="10" branch="false" />
                <line number="46" hits="10" branch="false" />
                <line number="48" hits="10" branch="false" />
                <line number="50" hits="104" branch="false" />
                <line number="51" hits="104" branch="false" />
                <line number="52" hits="104" branch="false" />
                <line number="53" hits="104" branch="true" condition-coverage="100% (2/2)" />
                <line number="54" hits="20" branch="false" />
                <line number="55" hits="20" branch="false" />
                <line number="56" hits="20" branch="false" />
                <line number="57" hits="20" branch="false" />
                <line number="58" hits="114" branch="false" />
              </lines>
            </method>
            <method name="op_Addition" signature="(...)" line-rate="1" branch-rate="1" complexity="1">
              <lines>
                <line number="61" hits="9" branch="false" />
                <line number="62" hits="9" branch="false" />
                <line number="63" hits="9" branch="false" />
                <line number="64" hits="9" branch="false" />
                <line number="65" hits="9" branch="false" />
                <line number="66" hits="9" branch="false" />
                <line number="68" hits="9" branch="false" />
                <line number="69" hits="9" branch="false" />
              </lines>
            </method>
            <method name="op_Subtraction" signature="(...)" line-rate="1" branch-rate="1" complexity="1">
              <lines>
                <line number="72" hits="10" branch="false" />
                <line number="73" hits="10" branch="false" />
                <line number="74" hits="10" branch="false" />
                <line number="75" hits="10" branch="false" />
                <line number="76" hits="10" branch="false" />
                <line number="77" hits="10" branch="false" />
                <line number="79" hits="10" branch="false" />
                <line number="80" hits="10" branch="false" />
              </lines>
            </method>
            <method name="op_Multiply" signature="(...)" line-rate="1" branch-rate="1" complexity="1">
              <lines>
                <line number="83" hits="9" branch="false" />
                <line number="84" hits="9" branch="false" />
                <line number="85" hits="9" branch="false" />
                <line number="86" hits="9" branch="false" />
                <line number="87" hits="9" branch="false" />
                <line number="89" hits="9" branch="false" />
                <line number="90" hits="9" branch="false" />
              </lines>
            </method>
            <method name="op_Division" signature="(...)" line-rate="1" branch-rate="1" complexity="2">
              <lines>
                <line number="100" hits="9" branch="false" />
                <line number="101" hits="9" branch="true" condition-coverage="100% (2/2)" />
                <line number="102" hits="3" branch="false" />
                <line number="103" hits="3" branch="false" />
                <line number="105" hits="6" branch="false" />
                <line number="106" hits="6" branch="false" />
                <line number="107" hits="6" branch="false" />
                <line number="108" hits="6" branch="false" />
                <line number="110" hits="6" branch="false" />
                <line number="111" hits="6" branch="false" />
              </lines>
            </method>
            <method name="GetRandomFraction" signature="(...)" line-rate="0" branch-rate="0" complexity="2">
              <lines>
                <line number="118" hits="0" branch="false" />
                <line number="120" hits="0" branch="false" />
                <line number="121" hits="0" branch="false" />
                <line number="122" hits="0" branch="false" />
                <line number="123" hits="0" branch="true" condition-coverage="0% (0/2)" />
                <line number="124" hits="0" branch="false" />
                <line number="125" hits="0" branch="false" />
                <line number="126" hits="0" branch="false" />
                <line number="128" hits="0" branch="false" />
                <line number="129" hits="0" branch="false" />
                <line number="130" hits="0" branch="false" />
                <line number="132" hits="0" branch="false" />
                <line number="133" hits="0" branch="false" />
                <line number="134" hits="0" branch="false" />
                <line number="135" hits="0" branch="false" />
              </lines>
            </method>
            <method name="ToString" signature="()" line-rate="0.8181818181818182" branch-rate="0.75" complexity="4">
              <lines>
                <line number="138" hits="9" branch="false" />
                <line number="139" hits="9" branch="false" />
                <line number="140" hits="9" branch="true" condition-coverage="100% (2/2)" />
                <line number="141" hits="1" branch="false" />
                <line number="142" hits="1" branch="false" />
                <line number="144" hits="8" branch="true" condition-coverage="50% (1/2)" />
                <line number="145" hits="0" branch="false" />
                <line number="146" hits="0" branch="false" />
                <line number="149" hits="8" branch="false" />
                <line number="150" hits="8" branch="false" />
                <line number="152" hits="9" branch="false" />
              </lines>
            </method>
            <method name="ToHTML" signature="()" line-rate="0.8333333333333334" branch-rate="0.75" complexity="4">
              <lines>
                <line number="159" hits="7" branch="false" />
                <line number="160" hits="7" branch="false" />
                <line number="161" hits="7" branch="true" condition-coverage="100% (2/2)" />
                <line number="162" hits="1" branch="false" />
                <line number="163" hits="1" branch="false" />
                <line number="165" hits="6" branch="true" condition-coverage="50% (1/2)" />
                <line number="166" hits="0" branch="false" />
                <line number="167" hits="0" branch="false" />
                <line number="170" hits="6" branch="false" />
                <line number="171" hits="6" branch="false" />
                <line number="172" hits="6" branch="false" />
                <line number="174" hits="7" branch="false" />
              </lines>
            </method>
            <method name=".ctor" signature="()" line-rate="1" branch-rate="1" complexity="1">
              <lines>
                <line number="15" hits="28" branch="false" />
                <line number="16" hits="28" branch="false" />
                <line number="17" hits="28" branch="false" />
                <line number="18" hits="28" branch="false" />
                <line number="19" hits="28" branch="false" />
              </lines>
            </method>
            <method name=".ctor" signature="(...)" line-rate="1" branch-rate="1" complexity="1">
              <lines>
                <line number="21" hits="187" branch="false" />
                <line number="22" hits="187" branch="false" />
                <line number="23" hits="187" branch="false" />
                <line number="24" hits="187" branch="false" />
                <line number="25" hits="187" branch="false" />
              </lines>
            </method>
            <method name=".cctor" signature="()" line-rate="0" branch-rate="1" complexity="1">
              <lines>
                <line number="11" hits="0" branch="false" />
              </lines>
            </method>
          </methods>
          <lines>
            <line number="11" hits="0" branch="false" />
            <line number="15" hits="28" branch="false" />
            <line number="16" hits="28" branch="false" />
            <line number="17" hits="28" branch="false" />
            <line number="18" hits="28" branch="false" />
            <line number="19" hits="28" branch="false" />
            <line number="21" hits="187" branch="false" />
            <line number="22" hits="187" branch="false" />
            <line number="23" hits="187" branch="false" />
            <line number="24" hits="187" branch="false" />
            <line number="25" hits="187" branch="false" />
            <line number="34" hits="379" branch="false" />
            <line number="35" hits="379" branch="true" condition-coverage="100% (2/2)" />
            <line number="36" hits="379" branch="false" />
            <line number="37" hits="379" branch="false" />
            <line number="43" hits="114" branch="false" />
            <line number="44" hits="114" branch="true" condition-coverage="100% (2/2)" />
            <line number="45" hits="10" branch="false" />
            <line number="46" hits="10" branch="false" />
            <line number="48" hits="10" branch="false" />
            <line number="50" hits="104" branch="false" />
            <line number="51" hits="104" branch="false" />
            <line number="52" hits="104" branch="false" />
            <line number="53" hits="104" branch="true" condition-coverage="100% (2/2)" />
            <line number="54" hits="20" branch="false" />
            <line number="55" hits="20" branch="false" />
            <line number="56" hits="20" branch="false" />
            <line number="57" hits="20" branch="false" />
            <line number="58" hits="114" branch="false" />
            <line number="61" hits="9" branch="false" />
            <line number="62" hits="9" branch="false" />
            <line number="63" hits="9" branch="false" />
            <line number="64" hits="9" branch="false" />
            <line number="65" hits="9" branch="false" />
            <line number="66" hits="9" branch="false" />
            <line number="68" hits="9" branch="false" />
            <line number="69" hits="9" branch="false" />
            <line number="72" hits="10" branch="false" />
            <line number="73" hits="10" branch="false" />
            <line number="74" hits="10" branch="false" />
            <line number="75" hits="10" branch="false" />
            <line number="76" hits="10" branch="false" />
            <line number="77" hits="10" branch="false" />
            <line number="79" hits="10" branch="false" />
            <line number="80" hits="10" branch="false" />
            <line number="83" hits="9" branch="false" />
            <line number="84" hits="9" branch="false" />
            <line number="85" hits="9" branch="false" />
            <line number="86" hits="9" branch="false" />
            <line number="87" hits="9" branch="false" />
            <line number="89" hits="9" branch="false" />
            <line number="90" hits="9" branch="false" />
            <line number="100" hits="9" branch="false" />
            <line number="101" hits="9" branch="true" condition-coverage="100% (2/2)" />
            <line number="102" hits="3" branch="false" />
            <line number="103" hits="3" branch="false" />
            <line number="105" hits="6" branch="false" />
            <line number="106" hits="6" branch="false" />
            <line number="107" hits="6" branch="false" />
            <line number="108" hits="6" branch="false" />
            <line number="110" hits="6" branch="false" />
            <line number="111" hits="6" branch="false" />
            <line number="118" hits="0" branch="false" />
            <line number="120" hits="0" branch="false" />
            <line number="121" hits="0" branch="false" />
            <line number="122" hits="0" branch="false" />
            <line number="123" hits="0" branch="true" condition-coverage="0% (0/2)" />
            <line number="124" hits="0" branch="false" />
            <line number="125" hits="0" branch="false" />
            <line number="126" hits="0" branch="false" />
            <line number="128" hits="0" branch="false" />
            <line number="129" hits="0" branch="false" />
            <line number="130" hits="0" branch="false" />
            <line number="132" hits="0" branch="false" />
            <line number="133" hits="0" branch="false" />
            <line number="134" hits="0" branch="false" />
            <line number="135" hits="0" branch="false" />
            <line number="138" hits="9" branch="false" />
            <line number="139" hits="9" branch="false" />
            <line number="140" hits="9" branch="true" condition-coverage="100% (2/2)" />
            <line number="141" hits="1" branch="false" />
            <line number="142" hits="1" branch="false" />
            <line number="144" hits="8" branch="true" condition-coverage="50% (1/2)" />
            <line number="145" hits="0" branch="false" />
            <line number="146" hits="0" branch="false" />
            <line number="149" hits="8" branch="false" />
            <line number="150" hits="8" branch="false" />
            <line number="152" hits="9" branch="false" />
            <line number="159" hits="7" branch="false" />
            <line number="160" hits="7" branch="false" />
            <line number="161" hits="7" branch="true" condition-coverage="100% (2/2)" />
            <line number="162" hits="1" branch="false" />
            <line number="163" hits="1" branch="false" />
            <line number="165" hits="6" branch="true" condition-coverage="50% (1/2)" />
            <line number="166" hits="0" branch="false" />
            <line number="167" hits="0" branch="false" />
            <line number="170" hits="6" branch="false" />
            <line number="171" hits="6" branch="false" />
            <line number="172" hits="6" branch="false" />
            <line number="174" hits="7" branch="false" />
          </lines>
        </class>
        <class name="Tools.Node" filename="D:\TeamProgramming\ExercisesGenerator\Tools\Node.cs" line-rate="1" branch-rate="1" complexity="26">
          <methods>
            <method name="ToString" signature="()" line-rate="1" branch-rate="1" complexity="4">
              <lines>
                <line number="36" hits="43" branch="false" />
                <line number="37" hits="43" branch="true" condition-coverage="100% (4/4)" />
                <line number="38" hits="43" branch="false" />
                <line number="39" hits="43" branch="false" />
                <line number="40" hits="43" branch="false" />
              </lines>
            </method>
            <method name="CompareTo" signature="(...)" line-rate="1" branch-rate="1" complexity="20">
              <lines>
                <line number="48" hits="18" branch="false" />
                <line number="49" hits="18" branch="true" condition-coverage="100% (2/2)" />
                <line number="50" hits="1" branch="false" />
                <line number="51" hits="1" branch="false" />
                <line number="53" hits="17" branch="true" condition-coverage="100% (2/2)" />
                <line number="54" hits="6" branch="false" />
                <line number="55" hits="6" branch="false" />
                <line number="56" hits="6" branch="false" />
                <line number="57" hits="6" branch="false" />
                <line number="58" hits="6" branch="false" />
                <line number="59" hits="17" branch="true" condition-coverage="100% (4/4)" />
                <line number="60" hits="13" branch="false" />
                <line number="61" hits="13" branch="false" />
                <line number="62" hits="13" branch="true" condition-coverage="100% (2/2)" />
                <line number="63" hits="6" branch="false" />
                <line number="64" hits="6" branch="false" />
                <line number="65" hits="6" branch="false" />
                <line number="66" hits="13" branch="true" condition-coverage="100% (2/2)" />
                <line number="67" hits="4" branch="false" />
                <line number="68" hits="4" branch="false" />
                <line number="69" hits="4" branch="false" />
                <line number="71" hits="13" branch="false" />
                <line number="72" hits="13" branch="true" condition-coverage="100% (2/2)" />
                <line number="73" hits="4" branch="false" />
                <line number="74" hits="4" branch="false" />
                <line number="75" hits="4" branch="false" />
                <line number="76" hits="13" branch="true" condition-coverage="100% (2/2)" />
                <line number="77" hits="4" branch="false" />
                <line number="78" hits="4" branch="false" />
                <line number="79" hits="4" branch="false" />
                <line number="81" hits="13" branch="true" condition-coverage="100% (2/2)" />
                <line number="82" hits="2" branch="false" />
                <line number="83" hits="2" branch="false" />
                <line number="85" hits="11" branch="false" />
                <line number="86" hits="4" branch="true" condition-coverage="100% (2/2)" />
                <line number="87" hits="1" branch="false" />
                <line number="88" hits="1" branch="false" />
                <line number="91" hits="3" branch="false" />
                <line number="92" hits="3" branch="false" />
                <line number="96" hits="11" branch="false" />
                <line number="97" hits="11" branch="false" />
                <line number="99" hits="18" branch="false" />
              </lines>
            </method>
            <method name=".ctor" signature="()" line-rate="1" branch-rate="1" complexity="1">
              <lines>
                <line number="17" hits="1" branch="false" />
                <line number="18" hits="1" branch="false" />
                <line number="19" hits="1" branch="false" />
                <line number="20" hits="1" branch="false" />
                <line number="21" hits="1" branch="false" />
                <line number="22" hits="1" branch="false" />
              </lines>
            </method>
            <method name=".ctor" signature="(...)" line-rate="1" branch-rate="1" complexity="1">
              <lines>
                <line number="24" hits="43" branch="false" />
                <line number="25" hits="43" branch="false" />
                <line number="26" hits="43" branch="false" />
                <line number="27" hits="43" branch="false" />
                <line number="28" hits="43" branch="false" />
                <line number="29" hits="43" branch="false" />
              </lines>
            </method>
          </methods>
          <lines>
            <line number="17" hits="1" branch="false" />
            <line number="18" hits="1" branch="false" />
            <line number="19" hits="1" branch="false" />
            <line number="20" hits="1" branch="false" />
            <line number="21" hits="1" branch="false" />
            <line number="22" hits="1" branch="false" />
            <line number="24" hits="43" branch="false" />
            <line number="25" hits="43" branch="false" />
            <line number="26" hits="43" branch="false" />
            <line number="27" hits="43" branch="false" />
            <line number="28" hits="43" branch="false" />
            <line number="29" hits="43" branch="false" />
            <line number="36" hits="43" branch="false" />
            <line number="37" hits="43" branch="true" condition-coverage="100% (4/4)" />
            <line number="38" hits="43" branch="false" />
            <line number="39" hits="43" branch="false" />
            <line number="40" hits="43" branch="false" />
            <line number="48" hits="18" branch="false" />
            <line number="49" hits="18" branch="true" condition-coverage="100% (2/2)" />
            <line number="50" hits="1" branch="false" />
            <line number="51" hits="1" branch="false" />
            <line number="53" hits="17" branch="true" condition-coverage="100% (2/2)" />
            <line number="54" hits="6" branch="false" />
            <line number="55" hits="6" branch="false" />
            <line number="56" hits="6" branch="false" />
            <line number="57" hits="6" branch="false" />
            <line number="58" hits="6" branch="false" />
            <line number="59" hits="17" branch="true" condition-coverage="100% (4/4)" />
            <line number="60" hits="13" branch="false" />
            <line number="61" hits="13" branch="false" />
            <line number="62" hits="13" branch="true" condition-coverage="100% (2/2)" />
            <line number="63" hits="6" branch="false" />
            <line number="64" hits="6" branch="false" />
            <line number="65" hits="6" branch="false" />
            <line number="66" hits="13" branch="true" condition-coverage="100% (2/2)" />
            <line number="67" hits="4" branch="false" />
            <line number="68" hits="4" branch="false" />
            <line number="69" hits="4" branch="false" />
            <line number="71" hits="13" branch="false" />
            <line number="72" hits="13" branch="true" condition-coverage="100% (2/2)" />
            <line number="73" hits="4" branch="false" />
            <line number="74" hits="4" branch="false" />
            <line number="75" hits="4" branch="false" />
            <line number="76" hits="13" branch="true" condition-coverage="100% (2/2)" />
            <line number="77" hits="4" branch="false" />
            <line number="78" hits="4" branch="false" />
            <line number="79" hits="4" branch="false" />
            <line number="81" hits="13" branch="true" condition-coverage="100% (2/2)" />
            <line number="82" hits="2" branch="false" />
            <line number="83" hits="2" branch="false" />
            <line number="85" hits="11" branch="false" />
            <line number="86" hits="4" branch="true" condition-coverage="100% (2/2)" />
            <line number="87" hits="1" branch="false" />
            <line number="88" hits="1" branch="false" />
            <line number="91" hits="3" branch="false" />
            <line number="92" hits="3" branch="false" />
            <line number="96" hits="11" branch="false" />
            <line number="97" hits="11" branch="false" />
            <line number="99" hits="18" branch="false" />
          </lines>
        </class>
        <class name="Tools.Operator" filename="D:\TeamProgramming\ExercisesGenerator\Tools\Operator.cs" line-rate="1" branch-rate="1" complexity="5">
          <methods>
            <method name="ToString" signature="()" line-rate="1" branch-rate="1" complexity="1">
              <lines>
                <line number="39" hits="26" branch="false" />
                <line number="40" hits="26" branch="false" />
                <line number="41" hits="26" branch="false" />
              </lines>
            </method>
            <method name="ToHTML" signature="()" line-rate="1" branch-rate="1" complexity="1">
              <lines>
                <line number="44" hits="9" branch="false" />
                <line number="45" hits="9" branch="false" />
                <line number="46" hits="9" branch="false" />
              </lines>
            </method>
            <method name=".ctor" signature="()" line-rate="1" branch-rate="1" complexity="1">
              <lines>
                <line number="19" hits="84" branch="false" />
                <line number="20" hits="84" branch="false" />
                <line number="21" hits="84" branch="false" />
              </lines>
            </method>
            <method name=".ctor" signature="(...)" line-rate="1" branch-rate="1" complexity="1">
              <lines>
                <line number="23" hits="33" branch="false" />
                <line number="24" hits="33" branch="false" />
                <line number="25" hits="33" branch="false" />
                <line number="26" hits="33" branch="false" />
                <line number="27" hits="33" branch="false" />
                <line number="28" hits="33" branch="false" />
              </lines>
            </method>
            <method name=".ctor" signature="(...)" line-rate="1" branch-rate="1" complexity="1">
              <lines>
                <line number="30" hits="6" branch="false" />
                <line number="31" hits="6" branch="false" />
                <line number="32" hits="6" branch="false" />
                <line number="33" hits="6" branch="false" />
                <line number="34" hits="6" branch="false" />
                <line number="35" hits="6" branch="false" />
                <line number="36" hits="6" branch="false" />
              </lines>
            </method>
          </methods>
          <lines>
            <line number="19" hits="84" branch="false" />
            <line number="20" hits="84" branch="false" />
            <line number="21" hits="84" branch="false" />
            <line number="23" hits="33" branch="false" />
            <line number="24" hits="33" branch="false" />
            <line number="25" hits="33" branch="false" />
            <line number="26" hits="33" branch="false" />
            <line number="27" hits="33" branch="false" />
            <line number="28" hits="33" branch="false" />
            <line number="30" hits="6" branch="false" />
            <line number="31" hits="6" branch="false" />
            <line number="32" hits="6" branch="false" />
            <line number="33" hits="6" branch="false" />
            <line number="34" hits="6" branch="false" />
            <line number="35" hits="6" branch="false" />
            <line number="36" hits="6" branch="false" />
            <line number="39" hits="26" branch="false" />
            <line number="40" hits="26" branch="false" />
            <line number="41" hits="26" branch="false" />
            <line number="44" hits="9" branch="false" />
            <line number="45" hits="9" branch="false" />
            <line number="46" hits="9" branch="false" />
          </lines>
        </class>
        <class name="Tools.Settings" filename="D:\TeamProgramming\ExercisesGenerator\Tools\Settings.cs" line-rate="0.20408163265306123" branch-rate="1" complexity="23">
          <methods>
            <method name="get_ThinkTime" signature="()" line-rate="0" branch-rate="1" complexity="1">
              <lines>
                <line number="12" hits="0" branch="false" />
              </lines>
            </method>
            <method name="get_ProblemsNumber" signature="()" line-rate="0" branch-rate="1" complexity="1">
              <lines>
                <line number="13" hits="0" branch="false" />
              </lines>
            </method>
            <method name="get_OperatorsNumber" signature="()" line-rate="0" branch-rate="1" complexity="1">
              <lines>
                <line number="14" hits="0" branch="false" />
              </lines>
            </method>
            <method name="get_AllowParentheses" signature="()" line-rate="0" branch-rate="1" complexity="1">
              <lines>
                <line number="15" hits="0" branch="false" />
              </lines>
            </method>
            <method name="get_AllowFraction" signature="()" line-rate="0" branch-rate="1" complexity="1">
              <lines>
                <line number="16" hits="0" branch="false" />
              </lines>
            </method>
            <method name="get_Operands" signature="()" line-rate="0" branch-rate="1" complexity="1">
              <lines>
                <line number="77" hits="0" branch="false" />
              </lines>
            </method>
            <method name="get_Operators" signature="()" line-rate="0" branch-rate="1" complexity="1">
              <lines>
                <line number="78" hits="0" branch="false" />
              </lines>
            </method>
            <method name=".ctor" signature="()" line-rate="0" branch-rate="1" complexity="1">
              <lines>
                <line number="80" hits="0" branch="false" />
                <line number="81" hits="0" branch="false" />
                <line number="82" hits="0" branch="false" />
                <line number="83" hits="0" branch="false" />
                <line number="84" hits="0" branch="false" />
              </lines>
            </method>
            <method name="get_OperandType" signature="()" line-rate="1" branch-rate="1" complexity="1">
              <lines>
                <line number="30" hits="3" branch="false" />
              </lines>
            </method>
[...]
            <method name="Setup" signature="()" line-rate="1" branch-rate="1" complexity="1">
              <lines>
                <line number="11" hits="9" branch="false" />
                <line number="12" hits="9" branch="false" />
              </lines>
            </method>
            <method name="TestInRange" signature="()" line-rate="1" branch-rate="1" complexity="1">
              <lines>
                <line number="16" hits="1" branch="false" />
                <line number="17" hits="1" branch="false" />
                <line number="18" hits="1" branch="false" />
                <line number="19" hits="1" branch="false" />
                <line number="20" hits="1" branch="false" />
                <line number="21" hits="1" branch="false" />
                <line number="22" hits="1" branch="false" />
                <line number="23" hits="1" branch="false" />
                <line number="25" hits="1" branch="false" />
                <line number="27" hits="1" branch="false" />
                <line number="29" hits="1" branch="false" />
                <line number="30" hits="1" branch="false" />
                <line number="32" hits="1" branch="false" />
                <line number="33" hits="1" branch="false" />
                <line number="35" hits="1" branch="false" />
                <line number="36" hits="1" branch="false" />
                <line number="38" hits="1" branch="false" />
                <line number="39" hits="1" branch="false" />
                <line number="40" hits="1" branch="false" />
              </lines>
            </method>
            <method name="TestCompareTo" signature="()" line-rate="1" branch-rate="1" complexity="1">
              <lines>
                <line number="44" hits="1" branch="false" />
                <line number="45" hits="1" branch="false" />
                <line number="46" hits="1" branch="false" />
                <line number="48" hits="1" branch="false" />
                <line number="50" hits="1" branch="false" />
                <line number="51" hits="1" branch="false" />
                <line number="52" hits="1" branch="false" />
                <line number="54" hits="1" branch="false" />
                <line number="55" hits="1" branch="false" />
                <line number="57" hits="1" branch="false" />
                <line number="58" hits="1" branch="false" />
                <line number="60" hits="1" branch="false" />
                <line number="61" hits="1" branch="false" />
                <line number="63" hits="1" branch="false" />
                <line number="64" hits="1" branch="false" />
                <line number="65" hits="1" branch="false" />
                <line number="66" hits="1" branch="false" />
                <line number="68" hits="1" branch="false" />
                <line number="69" hits="1" branch="false" />
                <line number="70" hits="1" branch="false" />
                <line number="71" hits="1" branch="false" />
                <line number="73" hits="1" branch="false" />
                <line number="74" hits="1" branch="false" />
                <line number="75" hits="1" branch="false" />
                <line number="76" hits="1" branch="false" />
              </lines>
            </method>
            <method name="TestChangeType" signature="()" line-rate="1" branch-rate="0.5" complexity="2">
              <lines>
                <line number="80" hits="1" branch="false" />
                <line number="81" hits="1" branch="false" />
                <line number="82" hits="1" branch="false" />
                <line number="83" hits="1" branch="false" />
                <line number="85" hits="1" branch="false" />
                <line number="86" hits="1" branch="false" />
                <line number="87" hits="1" branch="true" condition-coverage="50% (1/2)" />
                <line number="88" hits="1" branch="false" />
                <line number="90" hits="1" branch="false" />
                <line number="91" hits="1" branch="false" />
                <line number="92" hits="1" branch="false" />
                <line number="93" hits="1" branch="false" />
              </lines>
            </method>
            <method name="TestToString" signature="()" line-rate="1" branch-rate="1" complexity="1">
              <lines>
                <line number="97" hits="1" branch="false" />
                <line number="98" hits="1" branch="false" />
                <line number="100" hits="1" branch="false" />
                <line number="102" hits="1" branch="false" />
                <line number="103" hits="1" branch="false" />
                <line number="105" hits="1" branch="false" />
                <line number="106" hits="1" branch="false" />
                <line number="108" hits="1" branch="false" />
                <line number="109" hits="1" branch="false" />
                <line number="111" hits="1" branch="false" />
                <line number="112" hits="1" branch="false" />
                <line number="113" hits="1" branch="false" />
              </lines>
            </method>
            <method name="TestToHTML" signature="()" line-rate="1" branch-rate="1" complexity="1">
              <lines>
                <line number="117" hits="1" branch="false" />
                <line number="118" hits="1" branch="false" />
                <line number="120" hits="1" branch="false" />
                <line number="122" hits="1" branch="false" />
                <line number="123" hits="1" branch="false" />
                <line number="125" hits="1" branch="false" />
                <line number="126" hits="1" branch="false" />
                <line number="127" hits="1" branch="false" />
                <line number="129" hits="1" branch="false" />
                <line number="130" hits="1" branch="false" />
                <line number="132" hits="1" branch="false" />
                <line number="133" hits="1" branch="false" />
                <line number="134" hits="1" branch="false" />
              </lines>
            </method>
            <method name="TestAddition" signature="()" line-rate="1" branch-rate="0.5" complexity="6">
              <lines>
                <line number="138" hits="1" branch="false" />
                <line number="139" hits="1" branch="false" />
                <line number="140" hits="1" branch="false" />
                <line number="142" hits="1" branch="false" />
                <line number="143" hits="1" branch="true" condition-coverage="50% (1/2)" />
                <line number="145" hits="1" branch="false" />
                <line number="146" hits="1" branch="false" />
                <line number="147" hits="1" branch="true" condition-coverage="50% (1/2)" />
                <line number="149" hits="1" branch="false" />
                <line number="150" hits="1" branch="false" />
                <line number="151" hits="1" branch="false" />
                <line number="152" hits="1" branch="true" condition-coverage="50% (1/2)" />
                <line number="153" hits="1" branch="false" />
              </lines>
            </method>
            <method name="TestSubscribe" signature="()" line-rate="1" branch-rate="0.5" complexity="6">
              <lines>
                <line number="157" hits="1" branch="false" />
                <line number="158" hits="1" branch="false" />
                <line number="159" hits="1" branch="false" />
                <line number="161" hits="1" branch="false" />
                <line number="162" hits="1" branch="true" condition-coverage="50% (1/2)" />
                <line number="164" hits="1" branch="false" />
                <line number="165" hits="1" branch="false" />
                <line number="166" hits="1" branch="true" condition-coverage="50% (1/2)" />
                <line number="168" hits="1" branch="false" />
                <line number="169" hits="1" branch="false" />
                <line number="170" hits="1" branch="false" />
                <line number="171" hits="1" branch="true" condition-coverage="50% (1/2)" />
                <line number="172" hits="1" branch="false" />
              </lines>
            </method>
            <method name="TestMultiply" signature="()" line-rate="1" branch-rate="0.5" complexity="8">
              <lines>
                <line number="176" hits="1" branch="false" />
                <line number="177" hits="1" branch="false" />
                <line number="178" hits="1" branch="false" />
                <line number="180" hits="1" branch="false" />
                <line number="181" hits="1" branch="true" condition-coverage="50% (1/2)" />
                <line number="183" hits="1" branch="false" />
                <line number="184" hits="1" branch="false" />
                <line number="185" hits="1" branch="true" condition-coverage="50% (1/2)" />
                <line number="187" hits="1" branch="false" />
                <line number="188" hits="1" branch="false" />
                <line number="189" hits="1" branch="false" />
                <line number="190" hits="1" branch="true" condition-coverage="50% (1/2)" />
                <line number="192" hits="1" branch="false" />
                <line number="193" hits="1" branch="false" />
                <line number="194" hits="1" branch="false" />
                <line number="195" hits="1" branch="true" condition-coverage="50% (1/2)" />
                <line number="196" hits="1" branch="false" />
              </lines>
            </method>
            <method name="TestDivid" signature="()" line-rate="0.95" branch-rate="0.5" complexity="4">
              <lines>
                <line number="200" hits="1" branch="false" />
                <line number="201" hits="1" branch="false" />
                <line number="202" hits="1" branch="false" />
                <line number="204" hits="1" branch="false" />
                <line number="205" hits="1" branch="true" condition-coverage="50% (1/2)" />
                <line number="207" hits="1" branch="false" />
                <line number="208" hits="1" branch="false" />
                <line number="210" hits="1" branch="false" />
                <line number="211" hits="1" branch="false" />
                <line number="212" hits="0" branch="false" />
                <line number="213" hits="1" branch="false" />
                <line number="214" hits="1" branch="false" />
                <line number="215" hits="1" branch="false" />
                <line number="216" hits="1" branch="false" />
                <line number="217" hits="1" branch="false" />
                <line number="219" hits="1" branch="false" />
                <line number="220" hits="1" branch="false" />
                <line number="221" hits="1" branch="false" />
                <line number="222" hits="1" branch="true" condition-coverage="50% (1/2)" />
                <line number="223" hits="1" branch="false" />
              </lines>
            </method>
          </methods>
          <lines>
            <line number="11" hits="9" branch="false" />
            <line number="12" hits="9" branch="false" />
            <line number="16" hits="1" branch="false" />
            <line number="17" hits="1" branch="false" />
            <line number="18" hits="1" branch="false" />
            <line number="19" hits="1" branch="false" />
            <line number="20" hits="1" branch="false" />
            <line number="21" hits="1" branch="false" />
            <line number="22" hits="1" branch="false" />
            <line number="23" hits="1" branch="false" />
            <line number="25" hits="1" branch="false" />
            <line number="27" hits="1" branch="false" />
            <line number="29" hits="1" branch="false" />
            <line number="30" hits="1" branch="false" />
            <line number="32" hits="1" branch="false" />
            <line number="33" hits="1" branch="false" />
            <line number="35" hits="1" branch="false" />
            <line number="36" hits="1" branch="false" />
            <line number="38" hits="1" branch="false" />
            <line number="39" hits="1" branch="false" />
            <line number="40" hits="1" branch="false" />
            <line number="44" hits="1" branch="false" />
            <line number="45" hits="1" branch="false" />
            <line number="46" hits="1" branch="false" />
            <line number="48" hits="1" branch="false" />
            <line number="50" hits="1" branch="false" />
            <line number="51" hits="1" branch="false" />
            <line number="52" hits="1" branch="false" />
            <line number="54" hits="1" branch="false" />
            <line number="55" hits="1" branch="false" />
            <line number="57" hits="1" branch="false" />
            <line number="58" hits="1" branch="false" />
            <line number="60" hits="1" branch="false" />
            <line number="61" hits="1" branch="false" />
            <line number="63" hits="1" branch="false" />
            <line number="64" hits="1" branch="false" />
            <line number="65" hits="1" branch="false" />
            <line number="66" hits="1" branch="false" />
            <line number="68" hits="1" branch="false" />
            <line number="69" hits="1" branch="false" />
            <line number="70" hits="1" branch="false" />
            <line number="71" hits="1" branch="false" />
            <line number="73" hits="1" branch="false" />
            <line number="74" hits="1" branch="false" />
            <line number="75" hits="1" branch="false" />
            <line number="76" hits="1" branch="false" />
            <line number="80" hits="1" branch="false" />
            <line number="81" hits="1" branch="false" />
            <line number="82" hits="1" branch="false" />
            <line number="83" hits="1" branch="false" />
            <line number="85" hits="1" branch="false" />
            <line number="86" hits="1" branch="false" />
            <line number="87" hits="1" branch="true" condition-coverage="50% (1/2)" />
            <line number="88" hits="1" branch="false" />
            <line number="90" hits="1" branch="false" />
            <line number="91" hits="1" branch="false" />
            <line number="92" hits="1" branch="false" />
            <line number="93" hits="1" branch="false" />
            <line number="97" hits="1" branch="false" />
            <line number="98" hits="1" branch="false" />
            <line number="100" hits="1" branch="false" />
            <line number="102" hits="1" branch="false" />
            <line number="103" hits="1" branch="false" />
            <line number="105" hits="1" branch="false" />
            <line number="106" hits="1" branch="false" />
            <line number="108" hits="1" branch="false" />
            <line number="109" hits="1" branch="false" />
            <line number="111" hits="1" branch="false" />
            <line number="112" hits="1" branch="false" />
            <line number="113" hits="1" branch="false" />
            <line number="117" hits="1" branch="false" />
            <line number="118" hits="1" branch="false" />
            <line number="120" hits="1" branch="false" />
            <line number="122" hits="1" branch="false" />
            <line number="123" hits="1" branch="false" />
            <line number="125" hits="1" branch="false" />
            <line number="126" hits="1" branch="false" />
            <line number="127" hits="1" branch="false" />
            <line number="129" hits="1" branch="false" />
            <line number="130" hits="1" branch="false" />
            <line number="132" hits="1" branch="false" />
            <line number="133" hits="1" branch="false" />
            <line number="134" hits="1" branch="false" />
            <line number="138" hits="1" branch="false" />
            <line number="139" hits="1" branch="false" />
            <line number="140" hits="1" branch="false" />
            <line number="142" hits="1" branch="false" />
            <line number="143" hits="1" branch="true" condition-coverage="50% (1/2)" />
            <line number="145" hits="1" branch="false" />
            <line number="146" hits="1" branch="false" />
            <line number="147" hits="1" branch="true" condition-coverage="50% (1/2)" />
            <line number="149" hits="1" branch="false" />
            <line number="150" hits="1" branch="false" />
            <line number="151" hits="1" branch="false" />
            <line number="152" hits="1" branch="true" condition-coverage="50% (1/2)" />
            <line number="153" hits="1" branch="false" />
            <line number="157" hits="1" branch="false" />
            <line number="158" hits="1" branch="false" />
            <line number="159" hits="1" branch="false" />
            <line number="161" hits="1" branch="false" />
            <line number="162" hits="1" branch="true" condition-coverage="50% (1/2)" />
            <line number="164" hits="1" branch="false" />
            <line number="165" hits="1" branch="false" />
            <line number="166" hits="1" branch="true" condition-coverage="50% (1/2)" />
            <line number="168" hits="1" branch="false" />
            <line number="169" hits="1" branch="false" />
            <line number="170" hits="1" branch="false" />
            <line number="171" hits="1" branch="true" condition-coverage="50% (1/2)" />
            <line number="172" hits="1" branch="false" />
            <line number="176" hits="1" branch="false" />
            <line number="177" hits="1" branch="false" />
            <line number="178" hits="1" branch="false" />
            <line number="180" hits="1" branch="false" />
            <line number="181" hits="1" branch="true" condition-coverage="50% (1/2)" />
            <line number="183" hits="1" branch="false" />
            <line number="184" hits="1" branch="false" />
            <line number="185" hits="1" branch="true" condition-coverage="50% (1/2)" />
            <line number="187" hits="1" branch="false" />
            <line number="188" hits="1" branch="false" />
            <line number="189" hits="1" branch="false" />
            <line number="190" hits="1" branch="true" condition-coverage="50% (1/2)" />
            <line number="192" hits="1" branch="false" />
            <line number="193" hits="1" branch="false" />
            <line number="194" hits="1" branch="false" />
            <line number="195" hits="1" branch="true" condition-coverage="50% (1/2)" />
            <line number="196" hits="1" branch="false" />
            <line number="200" hits="1" branch="false" />
            <line number="201" hits="1" branch="false" />
            <line number="202" hits="1" branch="false" />
            <line number="204" hits="1" branch="false" />
            <line number="205" hits="1" branch="true" condition-coverage="50% (1/2)" />
            <line number="207" hits="1" branch="false" />
            <line number="208" hits="1" branch="false" />
            <line number="210" hits="1" branch="false" />
            <line number="211" hits="1" branch="false" />
            <line number="212" hits="0" branch="false" />
            <line number="213" hits="1" branch="false" />
            <line number="214" hits="1" branch="false" />
            <line number="215" hits="1" branch="false" />
            <line number="216" hits="1" branch="false" />
            <line number="217" hits="1" branch="false" />
            <line number="219" hits="1" branch="false" />
            <line number="220" hits="1" branch="false" />
            <line number="221" hits="1" branch="false" />
            <line number="222" hits="1" branch="true" condition-coverage="50% (1/2)" />
            <line number="223" hits="1" branch="false" />
          </lines>
        </class>
      </classes>
    </package>
  </packages>
</coverage>