<?xml version="1.0" encoding="utf-8"?>
<coverage line-rate="0.8262999999999999" branch-rate="0.7056999999999999" version="1.9" timestamp="1637248010" lines-covered="1090" lines-valid="1319" branches-covered="235" branches-valid="333">
  <sources>
    <source>D:\TeamProgramming\ExercisesGenerator\</source>
    <source>C:\</source>
  </sources>
  <packages>
    <package name="Tools" line-rate="0.7170000000000001" branch-rate="0.7584000000000001" complexity="329">
      <classes>
        <class name="Tools.CheckerData" filename="Tools\CheckerData.cs" line-rate="0" branch-rate="1" complexity="1">
          <methods>
            <method name=".ctor" signature="()" line-rate="0" branch-rate="1" complexity="1">
              <lines>
                <line number="49" hits="0" branch="False" />
                <line number="51" hits="0" branch="False" />
                <line number="53" hits="0" branch="False" />
                <line number="55" hits="0" branch="False" />
                <line number="57" hits="0" branch="False" />
              </lines>
            </method>
          </methods>
          <lines>
            <line number="49" hits="0" branch="False" />
            <line number="51" hits="0" branch="False" />
            <line number="53" hits="0" branch="False" />
            <line number="55" hits="0" branch="False" />
            <line number="57" hits="0" branch="False" />
          </lines>
        </class>
        <class name="Tools.CheckerData/Checker" filename="Tools\CheckerData.cs" line-rate="0" branch-rate="0" complexity="5">
          <methods>
            <method name=".ctor" signature="()" line-rate="0" branch-rate="1" complexity="1">
              <lines>
                <line number="24" hits="0" branch="False" />
                <line number="25" hits="0" branch="False" />
                <line number="26" hits="0" branch="False" />
                <line number="27" hits="0" branch="False" />
              </lines>
            </method>
            <method name=".ctor" signature="(System.Int32,System.String,System.String)" line-rate="0" branch-rate="0" complexity="4">
              <lines>
                <line number="29" hits="0" branch="False" />
                <line number="30" hits="0" branch="False" />
                <line number="31" hits="0" branch="False" />
                <line number="32" hits="0" branch="False" />
                <line number="33" hits="0" branch="False" />
                <line number="34" hits="0" branch="False" />
                <line number="35" hits="0" branch="False" />
                <line number="36" hits="0" branch="True" condition-coverage="0% (0/4)">
                  <conditions>
                    <condition number="64" type="jump" coverage="0%" />
                    <condition number="83" type="jump" coverage="0%" />
                  </conditions>
                </line>
                <line number="37" hits="0" branch="False" />
                <line number="38" hits="0" branch="False" />
                <line number="39" hits="0" branch="False" />
                <line number="41" hits="0" branch="False" />
                <line number="42" hits="0" branch="False" />
                <line number="43" hits="0" branch="False" />
                <line number="45" hits="0" branch="False" />
                <line number="46" hits="0" branch="False" />
              </lines>
            </method>
          </methods>
          <lines>
            <line number="24" hits="0" branch="False" />
            <line number="25" hits="0" branch="False" />
            <line number="26" hits="0" branch="False" />
            <line number="27" hits="0" branch="False" />
            <line number="29" hits="0" branch="False" />
            <line number="30" hits="0" branch="False" />
            <line number="31" hits="0" branch="False" />
            <line number="32" hits="0" branch="False" />
            <line number="33" hits="0" branch="False" />
            <line number="34" hits="0" branch="False" />
            <line number="35" hits="0" branch="False" />
            <line number="36" hits="0" branch="True" condition-coverage="0% (0/4)">
              <conditions>
                <condition number="64" type="jump" coverage="0%" />
                <condition number="83" type="jump" coverage="0%" />
              </conditions>
            </line>
            <line number="37" hits="0" branch="False" />
            <line number="38" hits="0" branch="False" />
            <line number="39" hits="0" branch="False" />
            <line number="41" hits="0" branch="False" />
            <line number="42" hits="0" branch="False" />
            <line number="43" hits="0" branch="False" />
            <line number="45" hits="0" branch="False" />
            <line number="46" hits="0" branch="False" />
          </lines>
        </class>
        <class name="Tools.Expression" filename="Tools\Expression.cs" line-rate="0.7720999999999999" branch-rate="0.7484000000000001" complexity="160">
          <methods>
            <method name="FillCanUseOperators" signature="(Tools.Settings/OperatorSettings)" line-rate="0" branch-rate="0" complexity="8">
              <lines>
                <line number="32" hits="0" branch="False" />
                <line number="33" hits="0" branch="False" />
                <line number="34" hits="0" branch="True" condition-coverage="0% (0/2)">
                  <conditions>
                    <condition number="19" type="jump" coverage="0%" />
                  </conditions>
                </line>
                <line number="35" hits="0" branch="False" />
                <line number="36" hits="0" branch="False" />
                <line number="37" hits="0" branch="False" />
                <line number="38" hits="0" branch="True" condition-coverage="0% (0/2)">
                  <conditions>
                    <condition number="49" type="jump" coverage="0%" />
                  </conditions>
                </line>
                <line number="39" hits="0" branch="False" />
                <line number="40" hits="0" branch="False" />
                <line number="41" hits="0" branch="False" />
                <line number="42" hits="0" branch="True" condition-coverage="0% (0/2)">
                  <conditions>
                    <condition number="79" type="jump" coverage="0%" />
                  </conditions>
                </line>
                <line number="43" hits="0" branch="False" />
                <line number="44" hits="0" branch="False" />
                <line number="45" hits="0" branch="False" />
                <line number="46" hits="0" branch="True" condition-coverage="0% (0/2)">
                  <conditions>
                    <condition number="109" type="jump" coverage="0%" />
                  </conditions>
                </line>
                <line number="47" hits="0" branch="False" />
                <line number="48" hits="0" branch="False" />
                <line number="49" hits="0" branch="False" />
                <line number="50" hits="0" branch="False" />
              </lines>
            </method>
            <method name="GetRandomExpression" signature="()" line-rate="0" branch-rate="0" complexity="26">
              <lines>
                <line number="57" hits="0" branch="False" />
                <line number="58" hits="0" branch="False" />
                <line number="59" hits="0" branch="False" />
                <line number="61" hits="0" branch="False" />
                <line number="62" hits="0" branch="False" />
                <line number="64" hits="0" branch="True" condition-coverage="0% (0/2)">
                  <conditions>
                    <condition number="63" type="jump" coverage="0%" />
                  </conditions>
                </line>
                <line number="65" hits="0" branch="False" />
                <line number="66" hits="0" branch="False" />
                <line number="67" hits="0" branch="False" />
                <line number="68" hits="0" branch="True" condition-coverage="0% (0/4)">
                  <conditions>
                    <condition number="115" type="jump" coverage="0%" />
                    <condition number="137" type="jump" coverage="0%" />
                  </conditions>
                </line>
                <line number="69" hits="0" branch="False" />
                <line number="70" hits="0" branch="False" />
                <line number="71" hits="0" branch="False" />
                <line number="72" hits="0" branch="False" />
                <line number="73" hits="0" branch="False" />
                <line number="74" hits="0" branch="True" condition-coverage="0% (0/2)">
                  <conditions>
                    <condition number="156" type="jump" coverage="0%" />
                  </conditions>
                </line>
                <line number="75" hits="0" branch="False" />
                <line number="76" hits="0" branch="False" />
                <line number="77" hits="0" branch="False" />
                <line number="78" hits="0" branch="False" />
                <line number="79" hits="0" branch="True" condition-coverage="0% (0/2)">
                  <conditions>
                    <condition number="583" type="jump" coverage="0%" />
                  </conditions>
                </line>
                <line number="80" hits="0" branch="False" />
                <line number="81" hits="0" branch="False" />
                <line number="82" hits="0" branch="False" />
                <line number="83" hits="0" branch="False" />
                <line number="84" hits="0" branch="True" condition-coverage="0% (0/4)">
                  <conditions>
                    <condition number="287" type="jump" coverage="0%" />
                    <condition number="309" type="jump" coverage="0%" />
                  </conditions>
                </line>
                <line number="85" hits="0" branch="False" />
                <line number="87" hits="0" branch="False" />
                <line number="88" hits="0" branch="False" />
                <line number="89" hits="0" branch="True" condition-coverage="0% (0/4)">
                  <conditions>
                    <condition number="327" type="jump" coverage="0%" />
                    <condition number="346" type="jump" coverage="0%" />
                  </conditions>
                </line>
                <line number="90" hits="0" branch="False" />
                <line number="91" hits="0" branch="True" condition-coverage="0% (0/2)">
                  <conditions>
                    <condition number="369" type="jump" coverage="0%" />
                  </conditions>
                </line>
                <line number="92" hits="0" branch="False" />
                <line number="93" hits="0" branch="False" />
                <line number="94" hits="0" branch="False" />
                <line number="96" hits="0" branch="True" condition-coverage="0% (0/2)">
                  <conditions>
                    <condition number="432" type="jump" coverage="0%" />
                  </conditions>
                </line>
                <line number="97" hits="0" branch="False" />
                <line number="98" hits="0" branch="False" />
                <line number="100" hits="0" branch="False" />
                <line number="102" hits="0" branch="False" />
                <line number="103" hits="0" branch="False" />
                <line number="105" hits="0" branch="False" />
                <line number="106" hits="0" branch="False" />
                <line number="107" hits="0" branch="False" />
                <line number="108" hits="0" branch="False" />
                <line number="109" hits="0" branch="True" condition-coverage="0% (0/2)">
                  <conditions>
                    <condition number="499" type="jump" coverage="0%" />
                  </conditions>
                </line>
                <line number="110" hits="0" branch="False" />
                <line number="111" hits="0" branch="False" />
                <line number="112" hits="0" branch="False" />
                <line number="113" hits="0" branch="False" />
                <line number="114" hits="0" branch="True" condition-coverage="0% (0/2)">
                  <conditions>
                    <condition number="537" type="jump" coverage="0%" />
                  </conditions>
                </line>
                <line number="115" hits="0" branch="False" />
                <line number="116" hits="0" branch="False" />
                <line number="117" hits="0" branch="False" />
                <line number="118" hits="0" branch="False" />
                <line number="119" hits="0" branch="False" />
                <line number="121" hits="0" branch="False" />
                <line number="122" hits="0" branch="False" />
              </lines>
            </method>
            <method name="StringToExpression" signature="(System.String)" line-rate="1" branch-rate="0.8965000000000001" complexity="58">
              <lines>
                <line number="130" hits="10" branch="False" />
                <line number="131" hits="10" branch="True" condition-coverage="100% (2/2)">
                  <conditions>
                    <condition number="9" type="jump" coverage="100%" />
                  </conditions>
                </line>
                <line number="132" hits="1" branch="False" />
                <line number="133" hits="1" branch="False" />
                <line number="135" hits="9" branch="False" />
                <line number="137" hits="9" branch="False" />
                <line number="138" hits="234" branch="True" condition-coverage="100% (2/2)">
                  <conditions>
                    <condition number="1076" type="jump" coverage="100%" />
                  </conditions>
                </line>
                <line number="139" hits="108" branch="False" />
                <line number="140" hits="108" branch="True" condition-coverage="100% (2/2)">
                  <conditions>
                    <condition number="67" type="jump" coverage="100%" />
                  </conditions>
                </line>
                <line number="141" hits="32" branch="False" />
                <line number="142" hits="32" branch="False" />
                <line number="143" hits="32" branch="False" />
                <line number="144" hits="98" branch="True" condition-coverage="100% (4/4)">
                  <conditions>
                    <condition number="147" type="jump" coverage="100%" />
                    <condition number="126" type="jump" coverage="100%" />
                  </conditions>
                </line>
                <line number="145" hits="33" branch="False" />
                <line number="146" hits="33" branch="False" />
                <line number="147" hits="33" branch="False" />
                <line number="148" hits="33" branch="False" />
                <line number="149" hits="32" branch="False" />
                <line number="150" hits="32" branch="False" />
                <line number="151" hits="32" branch="False" />
                <line number="152" hits="76" branch="True" condition-coverage="100% (2/2)">
                  <conditions>
                    <condition number="202" type="jump" coverage="100%" />
                  </conditions>
                </line>
                <line number="153" hits="8" branch="False" />
                <line number="154" hits="8" branch="False" />
                <line number="155" hits="8" branch="True" condition-coverage="100% (2/2)">
                  <conditions>
                    <condition number="238" type="jump" coverage="100%" />
                  </conditions>
                </line>
                <line number="156" hits="8" branch="False" />
                <line number="158" hits="8" branch="False" />
                <line number="159" hits="8" branch="False" />
                <line number="160" hits="8" branch="False" />
                <line number="161" hits="24" branch="True" condition-coverage="75% (3/4)">
                  <conditions>
                    <condition number="349" type="jump" coverage="100%" />
                    <condition number="328" type="jump" coverage="50%" />
                  </conditions>
                </line>
                <line number="162" hits="8" branch="False" />
                <line number="163" hits="8" branch="False" />
                <line number="164" hits="8" branch="False" />
                <line number="165" hits="8" branch="False" />
                <line number="167" hits="8" branch="False" />
                <line number="168" hits="32" branch="True" condition-coverage="75% (3/4)">
                  <conditions>
                    <condition number="429" type="jump" coverage="100%" />
                    <condition number="408" type="jump" coverage="50%" />
                  </conditions>
                </line>
                <line number="169" hits="8" branch="False" />
                <line number="170" hits="8" branch="False" />
                <line number="171" hits="8" branch="False" />
                <line number="172" hits="8" branch="False" />
                <line number="174" hits="8" branch="False" />
                <line number="175" hits="8" branch="False" />
                <line number="176" hits="8" branch="False" />
                <line number="177" hits="8" branch="False" />
                <line number="178" hits="8" branch="False" />
                <line number="179" hits="8" branch="False" />
                <line number="180" hits="68" branch="True" condition-coverage="100% (2/2)">
                  <conditions>
                    <condition number="500" type="jump" coverage="100%" />
                  </conditions>
                </line>
                <line number="181" hits="7" branch="False" />
                <line number="182" hits="7" branch="False" />
                <line number="183" hits="26" branch="True" condition-coverage="75% (3/4)">
                  <conditions>
                    <condition number="584" type="jump" coverage="100%" />
                    <condition number="563" type="jump" coverage="50%" />
                  </conditions>
                </line>
                <line number="184" hits="6" branch="False" />
                <line number="185" hits="6" branch="False" />
                <line number="186" hits="6" branch="False" />
                <line number="187" hits="6" branch="False" />
                <line number="189" hits="7" branch="False" />
                <line number="190" hits="30" branch="True" condition-coverage="75% (3/4)">
                  <conditions>
                    <condition number="664" type="jump" coverage="100%" />
                    <condition number="643" type="jump" coverage="50%" />
                  </conditions>
                </line>
                <line number="191" hits="8" branch="False" />
                <line number="192" hits="8" branch="False" />
                <line number="193" hits="8" branch="False" />
                <line number="194" hits="8" branch="False" />
                <line number="196" hits="7" branch="False" />
                <line number="197" hits="7" branch="False" />
                <line number="198" hits="7" branch="False" />
                <line number="199" hits="7" branch="False" />
                <line number="200" hits="61" branch="True" condition-coverage="100% (4/4)">
                  <conditions>
                    <condition number="712" type="jump" coverage="100%" />
                    <condition number="732" type="jump" coverage="100%" />
                  </conditions>
                </line>
                <line number="201" hits="33" branch="False" />
                <line number="202" hits="33" branch="True" condition-coverage="100% (6/6)">
                  <conditions>
                    <condition number="739" type="jump" coverage="100%" />
                    <condition number="755" type="jump" coverage="100%" />
                    <condition number="783" type="jump" coverage="100%" />
                  </conditions>
                </line>
                <line number="203" hits="9" branch="False" />
                <line number="204" hits="9" branch="True" condition-coverage="50% (1/2)">
                  <conditions>
                    <condition number="798" type="jump" coverage="50%" />
                  </conditions>
                </line>
                <line number="205" hits="9" branch="False" />
                <line number="206" hits="9" branch="False" />
                <line number="207" hits="46" branch="True" condition-coverage="75% (3/4)">
                  <conditions>
                    <condition number="888" type="jump" coverage="100%" />
                    <condition number="867" type="jump" coverage="50%" />
                  </conditions>
                </line>
                <line number="208" hits="14" branch="False" />
                <line number="209" hits="14" branch="False" />
                <line number="210" hits="14" branch="False" />
                <line number="211" hits="14" branch="False" />
                <line number="212" hits="9" branch="False" />
                <line number="213" hits="9" branch="False" />
                <line number="214" hits="9" branch="False" />
                <line number="215" hits="9" branch="False" />
                <line number="217" hits="24" branch="False" />
                <line number="218" hits="24" branch="True" condition-coverage="100% (2/2)">
                  <conditions>
                    <condition number="948" type="jump" coverage="100%" />
                  </conditions>
                </line>
                <line number="219" hits="24" branch="False" />
                <line number="220" hits="33" branch="False" />
                <line number="221" hits="28" branch="True" condition-coverage="100% (4/4)">
                  <conditions>
                    <condition number="974" type="jump" coverage="100%" />
                    <condition number="994" type="jump" coverage="100%" />
                  </conditions>
                </line>
                <line number="222" hits="15" branch="False" />
                <line number="223" hits="15" branch="True" condition-coverage="100% (2/2)">
                  <conditions>
                    <condition number="1012" type="jump" coverage="100%" />
                  </conditions>
                </line>
                <line number="224" hits="15" branch="False" />
                <line number="226" hits="13" branch="False" />
                <line number="227" hits="13" branch="True" condition-coverage="100% (2/2)">
                  <conditions>
                    <condition number="1044" type="jump" coverage="100%" />
                  </conditions>
                </line>
                <line number="228" hits="13" branch="False" />
                <line number="229" hits="108" branch="False" />
                <line number="231" hits="9" branch="False" />
                <line number="232" hits="10" branch="False" />
              </lines>
            </method>
            <method name="ExpressionToString" signature="(System.Collections.Generic.List`1&lt;Tools.Unit&gt;)" line-rate="1" branch-rate="1" complexity="6">
              <lines>
                <line number="240" hits="3" branch="False" />
                <line number="241" hits="3" branch="True" condition-coverage="100% (4/4)">
                  <conditions>
                    <condition number="2" type="jump" coverage="100%" />
                    <condition number="18" type="jump" coverage="100%" />
                  </conditions>
                </line>
                <line number="242" hits="2" branch="False" />
                <line number="243" hits="2" branch="False" />
                <line number="245" hits="1" branch="False" />
                <line number="246" hits="29" branch="True" condition-coverage="100% (2/2)">
                  <conditions>
                    <condition number="82" type="jump" coverage="100%" />
                  </conditions>
                </line>
                <line number="247" hits="13" branch="False" />
                <line number="248" hits="13" branch="False" />
                <line number="249" hits="13" branch="False" />
                <line number="250" hits="13" branch="False" />
                <line number="252" hits="1" branch="False" />
                <line number="253" hits="3" branch="False" />
              </lines>
            </method>
            <method name="ExpressionToHTML" signature="(System.Collections.Generic.List`1&lt;Tools.Unit&gt;)" line-rate="1" branch-rate="1" complexity="6">
              <lines>
                <line number="261" hits="3" branch="False" />
                <line number="262" hits="3" branch="True" condition-coverage="100% (4/4)">
                  <conditions>
                    <condition number="2" type="jump" coverage="100%" />
                    <condition number="18" type="jump" coverage="100%" />
                  </conditions>
                </line>
                <line number="263" hits="2" branch="False" />
                <line number="264" hits="2" branch="False" />
                <line number="266" hits="1" branch="False" />
                <line number="267" hits="33" branch="True" condition-coverage="100% (2/2)">
                  <conditions>
                    <condition number="82" type="jump" coverage="100%" />
                  </conditions>
                </line>
                <line number="268" hits="15" branch="False" />
                <line number="269" hits="15" branch="False" />
                <line number="270" hits="15" branch="False" />
                <line number="271" hits="15" branch="False" />
                <line number="273" hits="1" branch="False" />
                <line number="274" hits="3" branch="False" />
              </lines>
            </method>
            <method name="InfixToPostfix" signature="(System.Collections.Generic.List`1&lt;Tools.Unit&gt;)" line-rate="1" branch-rate="1" complexity="22">
              <lines>
                <line number="282" hits="7" branch="False" />
                <line number="283" hits="7" branch="True" condition-coverage="100% (4/4)">
                  <conditions>
                    <condition number="2" type="jump" coverage="100%" />
                    <condition number="18" type="jump" coverage="100%" />
                  </conditions>
                </line>
                <line number="284" hits="2" branch="False" />
                <line number="285" hits="2" branch="False" />
                <line number="287" hits="5" branch="False" />
                <line number="288" hits="5" branch="False" />
                <line number="289" hits="129" branch="True" condition-coverage="100% (2/2)">
                  <conditions>
                    <condition number="340" type="jump" coverage="100%" />
                  </conditions>
                </line>
                <line number="290" hits="57" branch="False" />
                <line number="291" hits="57" branch="True" condition-coverage="100% (2/2)">
                  <conditions>
                    <condition number="84" type="jump" coverage="100%" />
                  </conditions>
                </line>
                <line number="292" hits="29" branch="False" />
                <line number="293" hits="29" branch="True" condition-coverage="100% (2/2)">
                  <conditions>
                    <condition number="103" type="jump" coverage="100%" />
                  </conditions>
                </line>
                <line number="294" hits="5" branch="False" />
                <line number="295" hits="5" branch="False" />
                <line number="296" hits="5" branch="False" />
                <line number="298" hits="24" branch="False" />
                <line number="299" hits="24" branch="True" condition-coverage="100% (2/2)">
                  <conditions>
                    <condition number="142" type="jump" coverage="100%" />
                  </conditions>
                </line>
                <line number="300" hits="3" branch="False" />
                <line number="301" hits="3" branch="False" />
                <line number="302" hits="3" branch="False" />
                <line number="303" hits="21" branch="True" condition-coverage="100% (2/2)">
                  <conditions>
                    <condition number="180" type="jump" coverage="100%" />
                  </conditions>
                </line>
                <line number="304" hits="3" branch="False" />
                <line number="305" hits="6" branch="True" condition-coverage="100% (2/2)">
                  <conditions>
                    <condition number="227" type="jump" coverage="100%" />
                  </conditions>
                </line>
                <line number="306" hits="3" branch="False" />
                <line number="307" hits="3" branch="False" />
                <line number="308" hits="3" branch="False" />
                <line number="309" hits="3" branch="False" />
                <line number="310" hits="3" branch="False" />
                <line number="312" hits="18" branch="False" />
                <line number="313" hits="31" branch="True" condition-coverage="100% (4/4)">
                  <conditions>
                    <condition number="305" type="jump" coverage="100%" />
                    <condition number="263" type="jump" coverage="100%" />
                  </conditions>
                </line>
                <line number="314" hits="31" branch="False" />
                <line number="315" hits="13" branch="False" />
                <line number="316" hits="13" branch="False" />
                <line number="317" hits="13" branch="False" />
                <line number="318" hits="18" branch="False" />
                <line number="319" hits="18" branch="False" />
                <line number="320" hits="24" branch="False" />
                <line number="321" hits="29" branch="False" />
                <line number="323" hits="28" branch="False" />
                <line number="324" hits="28" branch="False" />
                <line number="325" hits="28" branch="False" />
                <line number="326" hits="57" branch="False" />
                <line number="327" hits="12" branch="True" condition-coverage="100% (2/2)">
                  <conditions>
                    <condition number="392" type="jump" coverage="100%" />
                  </conditions>
                </line>
                <line number="328" hits="7" branch="False" />
                <line number="329" hits="7" branch="False" />
                <line number="330" hits="7" branch="False" />
                <line number="331" hits="5" branch="False" />
                <line number="332" hits="7" branch="False" />
              </lines>
            </method>
            <method name="CalculatePostfix" signature="(System.Collections.Generic.List`1&lt;Tools.Unit&gt;)" line-rate="1" branch-rate="1" complexity="17">
              <lines>
                <line number="344" hits="7" branch="False" />
                <line number="345" hits="7" branch="True" condition-coverage="100% (4/4)">
                  <conditions>
                    <condition number="2" type="jump" coverage="100%" />
                    <condition number="18" type="jump" coverage="100%" />
                  </conditions>
                </line>
                <line number="346" hits="2" branch="False" />
                <line number="347" hits="2" branch="False" />
                <line number="350" hits="5" branch="False" />
                <line number="351" hits="5" branch="False" />
                <line number="352" hits="56" branch="True" condition-coverage="100% (2/2)">
                  <conditions>
                    <condition number="254" type="jump" coverage="100%" />
                  </conditions>
                </line>
                <line number="353" hits="22" branch="False" />
                <line number="354" hits="22" branch="True" condition-coverage="100% (2/2)">
                  <conditions>
                    <condition number="69" type="jump" coverage="100%" />
                  </conditions>
                </line>
                <line number="355" hits="9" branch="False" />
                <line number="356" hits="9" branch="True" condition-coverage="100% (2/2)">
                  <conditions>
                    <condition number="88" type="jump" coverage="100%" />
                  </conditions>
                </line>
                <line number="357" hits="1" branch="False" />
                <line number="358" hits="1" branch="False" />
                <line number="360" hits="8" branch="False" />
                <line number="361" hits="8" branch="False" />
                <line number="363" hits="8" branch="True" condition-coverage="100% (5/5)">
                  <conditions>
                    <condition number="134" type="switch" coverage="100%" />
                  </conditions>
                </line>
                <line number="366" hits="2" branch="False" />
                <line number="367" hits="2" branch="False" />
                <line number="369" hits="2" branch="False" />
                <line number="370" hits="2" branch="False" />
                <line number="372" hits="1" branch="False" />
                <line number="373" hits="1" branch="False" />
                <line number="376" hits="2" branch="False" />
                <line number="377" hits="2" branch="False" />
                <line number="378" hits="1" branch="False" />
                <line number="379" hits="1" branch="False" />
                <line number="380" hits="1" branch="False" />
                <line number="381" hits="1" branch="False" />
                <line number="383" hits="1" branch="False" />
                <line number="385" hits="1" branch="False" />
                <line number="387" hits="6" branch="False" />
                <line number="388" hits="6" branch="False" />
                <line number="390" hits="13" branch="False" />
                <line number="391" hits="13" branch="False" />
                <line number="392" hits="13" branch="False" />
                <line number="393" hits="19" branch="False" />
                <line number="394" hits="2" branch="True" condition-coverage="100% (2/2)">
                  <conditions>
                    <condition number="292" type="jump" coverage="100%" />
                  </conditions>
                </line>
                <line number="395" hits="1" branch="False" />
                <line number="396" hits="1" branch="False" />
                <line number="399" hits="1" branch="False" />
                <line number="400" hits="1" branch="False" />
                <line number="401" hits="1" branch="False" />
                <line number="403" hits="1" branch="False" />
                <line number="406" hits="1" branch="False" />
              </lines>
            </method>
            <method name="PostfixToTree" signature="(System.Collections.Generic.List`1&lt;Tools.Unit&gt;)" line-rate="1" branch-rate="1" complexity="16">
              <lines>
                <line number="416" hits="6" branch="False" />
                <line number="417" hits="6" branch="True" condition-coverage="100% (4/4)">
                  <conditions>
                    <condition number="2" type="jump" coverage="100%" />
                    <condition number="18" type="jump" coverage="100%" />
                  </conditions>
                </line>
                <line number="418" hits="2" branch="False" />
                <line number="419" hits="2" branch="False" />
                <line number="421" hits="4" branch="False" />
                <line number="422" hits="78" branch="True" condition-coverage="100% (2/2)">
                  <conditions>
                    <condition number="296" type="jump" coverage="100%" />
                  </conditions>
                </line>
                <line number="423" hits="33" branch="False" />
                <line number="424" hits="33" branch="True" condition-coverage="100% (2/2)">
                  <conditions>
                    <condition number="68" type="jump" coverage="100%" />
                  </conditions>
                </line>
                <line number="425" hits="14" branch="False" />
                <line number="426" hits="14" branch="True" condition-coverage="100% (4/4)">
                  <conditions>
                    <condition number="87" type="jump" coverage="100%" />
                    <condition number="111" type="jump" coverage="100%" />
                  </conditions>
                </line>
                <line number="427" hits="12" branch="False" />
                <line number="428" hits="12" branch="False" />
                <line number="429" hits="12" branch="False" />
                <line number="430" hits="12" branch="False" />
                <line number="431" hits="12" branch="True" condition-coverage="100% (2/2)">
                  <conditions>
                    <condition number="157" type="jump" coverage="100%" />
                  </conditions>
                </line>
                <line number="432" hits="6" branch="False" />
                <line number="433" hits="6" branch="False" />
                <line number="434" hits="6" branch="False" />
                <line number="435" hits="6" branch="False" />
                <line number="437" hits="6" branch="False" />
                <line number="438" hits="6" branch="False" />
                <line number="439" hits="6" branch="False" />
                <line number="440" hits="6" branch="False" />
                <line number="441" hits="12" branch="False" />
                <line number="442" hits="12" branch="False" />
                <line number="444" hits="2" branch="False" />
                <line number="445" hits="2" branch="False" />
                <line number="446" hits="2" branch="False" />
                <line number="447" hits="2" branch="False" />
                <line number="448" hits="2" branch="False" />
                <line number="449" hits="2" branch="False" />
                <line number="450" hits="2" branch="False" />
                <line number="451" hits="2" branch="False" />
                <line number="452" hits="14" branch="False" />
                <line number="454" hits="19" branch="False" />
                <line number="455" hits="19" branch="False" />
                <line number="456" hits="19" branch="False" />
                <line number="457" hits="19" branch="False" />
                <line number="458" hits="33" branch="False" />
                <line number="459" hits="4" branch="True" condition-coverage="100% (2/2)">
                  <conditions>
                    <condition number="334" type="jump" coverage="100%" />
                  </conditions>
                </line>
                <line number="460" hits="1" branch="False" />
                <line number="461" hits="1" branch="False" />
                <line number="464" hits="3" branch="False" />
                <line number="465" hits="3" branch="False" />
              </lines>
            </method>
            <method name=".cctor" signature="()" line-rate="1" branch-rate="1" complexity="1">
              <lines>
                <line number="13" hits="1" branch="False" />
                <line number="14" hits="1" branch="False" />
                <line number="15" hits="1" branch="False" />
                <line number="16" hits="1" branch="False" />
                <line number="17" hits="1" branch="False" />
                <line number="18" hits="1" branch="False" />
                <line number="19" hits="1" branch="False" />
                <line number="20" hits="1" branch="False" />
                <line number="26" hits="1" branch="False" />
              </lines>
            </method>
          </methods>
          <lines>
            <line number="32" hits="0" branch="False" />
            <line number="33" hits="0" branch="False" />
            <line number="34" hits="0" branch="True" condition-coverage="0% (0/2)">
              <conditions>
                <condition number="19" type="jump" coverage="0%" />
              </conditions>
            </line>
            <line number="35" hits="0" branch="False" />
            <line number="36" hits="0" branch="False" />
            <line number="37" hits="0" branch="False" />
            <line number="38" hits="0" branch="True" condition-coverage="0% (0/2)">
              <conditions>
                <condition number="49" type="jump" coverage="0%" />
              </conditions>
            </line>
            <line number="39" hits="0" branch="False" />
            <line number="40" hits="0" branch="False" />
            <line number="41" hits="0" branch="False" />
            <line number="42" hits="0" branch="True" condition-coverage="0% (0/2)">
              <conditions>
                <condition number="79" type="jump" coverage="0%" />
              </conditions>
            </line>
            <line number="43" hits="0" branch="False" />
            <line number="44" hits="0" branch="False" />
            <line number="45" hits="0" branch="False" />
            <line number="46" hits="0" branch="True" condition-coverage="0% (0/2)">
              <conditions>
                <condition number="109" type="jump" coverage="0%" />
              </conditions>
            </line>
            <line number="47" hits="0" branch="False" />
            <line number="48" hits="0" branch="False" />
            <line number="49" hits="0" branch="False" />
            <line number="50" hits="0" branch="False" />
            <line number="57" hits="0" branch="False" />
            <line number="58" hits="0" branch="False" />
            <line number="59" hits="0" branch="False" />
            <line number="61" hits="0" branch="False" />
            <line number="62" hits="0" branch="False" />
            <line number="64" hits="0" branch="True" condition-coverage="0% (0/2)">
              <conditions>
                <condition number="63" type="jump" coverage="0%" />
              </conditions>
            </line>
            <line number="65" hits="0" branch="False" />
            <line number="66" hits="0" branch="False" />
            <line number="67" hits="0" branch="False" />
            <line number="68" hits="0" branch="True" condition-coverage="0% (0/4)">
              <conditions>
                <condition number="115" type="jump" coverage="0%" />
                <condition number="137" type="jump" coverage="0%" />
              </conditions>
            </line>
            <line number="69" hits="0" branch="False" />
            <line number="70" hits="0" branch="False" />
            <line number="71" hits="0" branch="False" />
            <line number="72" hits="0" branch="False" />
            <line number="73" hits="0" branch="False" />
            <line number="74" hits="0" branch="True" condition-coverage="0% (0/2)">
              <conditions>
                <condition number="156" type="jump" coverage="0%" />
              </conditions>
            </line>
            <line number="75" hits="0" branch="False" />
            <line number="76" hits="0" branch="False" />
            <line number="77" hits="0" branch="False" />
            <line number="78" hits="0" branch="False" />
            <line number="79" hits="0" branch="True" condition-coverage="0% (0/2)">
              <conditions>
                <condition number="583" type="jump" coverage="0%" />
              </conditions>
            </line>
            <line number="80" hits="0" branch="False" />
            <line number="81" hits="0" branch="False" />
            <line number="82" hits="0" branch="False" />
            <line number="83" hits="0" branch="False" />
            <line number="84" hits="0" branch="True" condition-coverage="0% (0/4)">
              <conditions>
                <condition number="287" type="jump" coverage="0%" />
                <condition number="309" type="jump" coverage="0%" />
              </conditions>
            </line>
            <line number="85" hits="0" branch="False" />
            <line number="87" hits="0" branch="False" />
            <line number="88" hits="0" branch="False" />
            <line number="89" hits="0" branch="True" condition-coverage="0% (0/4)">
              <conditions>
                <condition number="327" type="jump" coverage="0%" />
                <condition number="346" type="jump" coverage="0%" />
              </conditions>
            </line>
            <line number="90" hits="0" branch="False" />
            <line number="91" hits="0" branch="True" condition-coverage="0% (0/2)">
              <conditions>
                <condition number="369" type="jump" coverage="0%" />
              </conditions>
            </line>
            <line number="92" hits="0" branch="False" />
            <line number="93" hits="0" branch="False" />
            <line number="94" hits="0" branch="False" />
            <line number="96" hits="0" branch="True" condition-coverage="0% (0/2)">
              <conditions>
                <condition number="432" type="jump" coverage="0%" />
              </conditions>
            </line>
            <line number="97" hits="0" branch="False" />
            <line number="98" hits="0" branch="False" />
            <line number="100" hits="0" branch="False" />
            <line number="102" hits="0" branch="False" />
            <line number="103" hits="0" branch="False" />
            <line number="105" hits="0" branch="False" />
            <line number="106" hits="0" branch="False" />
            <line number="107" hits="0" branch="False" />
            <line number="108" hits="0" branch="False" />
            <line number="109" hits="0" branch="True" condition-coverage="0% (0/2)">
              <conditions>
                <condition number="499" type="jump" coverage="0%" />
              </conditions>
            </line>
            <line number="110" hits="0" branch="False" />
            <line number="111" hits="0" branch="False" />
            <line number="112" hits="0" branch="False" />
            <line number="113" hits="0" branch="False" />
            <line number="114" hits="0" branch="True" condition-coverage="0% (0/2)">
              <conditions>
                <condition number="537" type="jump" coverage="0%" />
              </conditions>
            </line>
            <line number="115" hits="0" branch="False" />
            <line number="116" hits="0" branch="False" />
            <line number="117" hits="0" branch="False" />
            <line number="118" hits="0" branch="False" />
            <line number="119" hits="0" branch="False" />
            <line number="121" hits="0" branch="False" />
            <line number="122" hits="0" branch="False" />
            <line number="130" hits="10" branch="False" />
            <line number="131" hits="10" branch="True" condition-coverage="100% (2/2)">
              <conditions>
                <condition number="9" type="jump" coverage="100%" />
              </conditions>
            </line>
            <line number="132" hits="1" branch="False" />
            <line number="133" hits="1" branch="False" />
            <line number="135" hits="9" branch="False" />
            <line number="137" hits="9" branch="False" />
            <line number="138" hits="234" branch="True" condition-coverage="100% (2/2)">
              <conditions>
                <condition number="1076" type="jump" coverage="100%" />
              </conditions>
            </line>
            <line number="139" hits="108" branch="False" />
            <line number="140" hits="108" branch="True" condition-coverage="100% (2/2)">
              <conditions>
                <condition number="67" type="jump" coverage="100%" />
              </conditions>
            </line>
            <line number="141" hits="32" branch="False" />
            <line number="142" hits="32" branch="False" />
            <line number="143" hits="32" branch="False" />
            <line number="144" hits="98" branch="True" condition-coverage="100% (4/4)">
              <conditions>
                <condition number="147" type="jump" coverage="100%" />
                <condition number="126" type="jump" coverage="100%" />
              </conditions>
            </line>
            <line number="145" hits="33" branch="False" />
            <line number="146" hits="33" branch="False" />
            <line number="147" hits="33" branch="False" />
            <line number="148" hits="33" branch="False" />
            <line number="149" hits="32" branch="False" />
            <line number="150" hits="32" branch="False" />
            <line number="151" hits="32" branch="False" />
            <line number="152" hits="76" branch="True" condition-coverage="100% (2/2)">
              <conditions>
                <condition number="202" type="jump" coverage="100%" />
              </conditions>
            </line>
            <line number="153" hits="8" branch="False" />
            <line number="154" hits="8" branch="False" />
            <line number="155" hits="8" branch="True" condition-coverage="100% (2/2)">
              <conditions>
                <condition number="238" type="jump" coverage="100%" />
              </conditions>
            </line>
            <line number="156" hits="8" branch="False" />
            <line number="158" hits="8" branch="False" />
            <line number="159" hits="8" branch="False" />
            <line number="160" hits="8" branch="False" />
            <line number="161" hits="24" branch="True" condition-coverage="75% (3/4)">
              <conditions>
                <condition number="349" type="jump" coverage="100%" />
                <condition number="328" type="jump" coverage="50%" />
              </conditions>
            </line>
            <line number="162" hits="8" branch="False" />
            <line number="163" hits="8" branch="False" />
            <line number="164" hits="8" branch="False" />
            <line number="165" hits="8" branch="False" />
            <line number="167" hits="8" branch="False" />
            <line number="168" hits="32" branch="True" condition-coverage="75% (3/4)">
              <conditions>
                <condition number="429" type="jump" coverage="100%" />
                <condition number="408" type="jump" coverage="50%" />
              </conditions>
            </line>
            <line number="169" hits="8" branch="False" />
            <line number="170" hits="8" branch="False" />
            <line number="171" hits="8" branch="False" />
            <line number="172" hits="8" branch="False" />
            <line number="174" hits="8" branch="False" />
            <line number="175" hits="8" branch="False" />
            <line number="176" hits="8" branch="False" />
            <line number="177" hits="8" branch="False" />
            <line number="178" hits="8" branch="False" />
            <line number="179" hits="8" branch="False" />
            <line number="180" hits="68" branch="True" condition-coverage="100% (2/2)">
              <conditions>
                <condition number="500" type="jump" coverage="100%" />
              </conditions>
            </line>
            <line number="181" hits="7" branch="False" />
            <line number="182" hits="7" branch="False" />
            <line number="183" hits="26" branch="True" condition-coverage="75% (3/4)">
              <conditions>
                <condition number="584" type="jump" coverage="100%" />
                <condition number="563" type="jump" coverage="50%" />
              </conditions>
            </line>
            <line number="184" hits="6" branch="False" />
            <line number="185" hits="6" branch="False" />
            <line number="186" hits="6" branch="False" />
            <line number="187" hits="6" branch="False" />
            <line number="189" hits="7" branch="False" />
            <line number="190" hits="30" branch="True" condition-coverage="75% (3/4)">
              <conditions>
                <condition number="664" type="jump" coverage="100%" />
                <condition number="643" type="jump" coverage="50%" />
              </conditions>
            </line>
            <line number="191" hits="8" branch="False" />
            <line number="192" hits="8" branch="False" />
            <line number="193" hits="8" branch="False" />
            <line number="194" hits="8" branch="False" />
            <line number="196" hits="7" branch="False" />
            <line number="197" hits="7" branch="False" />
            <line number="198" hits="7" branch="False" />
            <line number="199" hits="7" branch="False" />
            <line number="200" hits="61" branch="True" condition-coverage="100% (4/4)">
              <conditions>
                <condition number="712" type="jump" coverage="100%" />
                <condition number="732" type="jump" coverage="100%" />
              </conditions>
            </line>
            <line number="201" hits="33" branch="False" />
            <line number="202" hits="33" branch="True" condition-coverage="100% (6/6)">
              <conditions>
                <condition number="739" type="jump" coverage="100%" />
                <condition number="755" type="jump" coverage="100%" />
                <condition number="783" type="jump" coverage="100%" />
              </conditions>
            </line>
            <line number="203" hits="9" branch="False" />
            <line number="204" hits="9" branch="True" condition-coverage="50% (1/2)">
              <conditions>
                <condition number="798" type="jump" coverage="50%" />
              </conditions>
            </line>
            <line number="205" hits="9" branch="False" />
            <line number="206" hits="9" branch="False" />
            <line number="207" hits="46" branch="True" condition-coverage="75% (3/4)">
              <conditions>
                <condition number="888" type="jump" coverage="100%" />
                <condition number="867" type="jump" coverage="50%" />
              </conditions>
            </line>
            <line number="208" hits="14" branch="False" />
            <line number="209" hits="14" branch="False" />
            <line number="210" hits="14" branch="False" />
            <line number="211" hits="14" branch="False" />
            <line number="212" hits="9" branch="False" />
            <line number="213" hits="9" branch="False" />
            <line number="214" hits="9" branch="False" />
            <line number="215" hits="9" branch="False" />
            <line number="217" hits="24" branch="False" />
            <line number="218" hits="24" branch="True" condition-coverage="100% (2/2)">
              <conditions>
                <condition number="948" type="jump" coverage="100%" />
              </conditions>
            </line>
            <line number="219" hits="24" branch="False" />
            <line number="220" hits="33" branch="False" />
            <line number="221" hits="28" branch="True" condition-coverage="100% (4/4)">
              <conditions>
                <condition number="974" type="jump" coverage="100%" />
                <condition number="994" type="jump" coverage="100%" />
              </conditions>
            </line>
            <line number="222" hits="15" branch="False" />
            <line number="223" hits="15" branch="True" condition-coverage="100% (2/2)">
              <conditions>
                <condition number="1012" type="jump" coverage="100%" />
              </conditions>
            </line>
            <line number="224" hits="15" branch="False" />
            <line number="226" hits="13" branch="False" />
            <line number="227" hits="13" branch="True" condition-coverage="100% (2/2)">
              <conditions>
                <condition number="1044" type="jump" coverage="100%" />
              </conditions>
            </line>
            <line number="228" hits="13" branch="False" />
            <line number="229" hits="108" branch="False" />
            <line number="231" hits="9" branch="False" />
            <line number="232" hits="10" branch="False" />
            <line number="240" hits="3" branch="False" />
            <line number="241" hits="3" branch="True" condition-coverage="100% (4/4)">
              <conditions>
                <condition number="2" type="jump" coverage="100%" />
                <condition number="18" type="jump" coverage="100%" />
              </conditions>
            </line>
            <line number="242" hits="2" branch="False" />
            <line number="243" hits="2" branch="False" />
            <line number="245" hits="1" branch="False" />
            <line number="246" hits="29" branch="True" condition-coverage="100% (2/2)">
              <conditions>
                <condition number="82" type="jump" coverage="100%" />
              </conditions>
            </line>
            <line number="247" hits="13" branch="False" />
            <line number="248" hits="13" branch="False" />
            <line number="249" hits="13" branch="False" />
            <line number="250" hits="13" branch="False" />
            <line number="252" hits="1" branch="False" />
            <line number="253" hits="3" branch="False" />
            <line number="261" hits="3" branch="False" />
            <line number="262" hits="3" branch="True" condition-coverage="100% (4/4)">
              <conditions>
                <condition number="2" type="jump" coverage="100%" />
                <condition number="18" type="jump" coverage="100%" />
              </conditions>
            </line>
            <line number="263" hits="2" branch="False" />
            <line number="264" hits="2" branch="False" />
            <line number="266" hits="1" branch="False" />
            <line number="267" hits="33" branch="True" condition-coverage="100% (2/2)">
              <conditions>
                <condition number="82" type="jump" coverage="100%" />
              </conditions>
            </line>
            <line number="268" hits="15" branch="False" />
            <line number="269" hits="15" branch="False" />
            <line number="270" hits="15" branch="False" />
            <line number="271" hits="15" branch="False" />
            <line number="273" hits="1" branch="False" />
            <line number="274" hits="3" branch="False" />
            <line number="282" hits="7" branch="False" />
            <line number="283" hits="7" branch="True" condition-coverage="100% (4/4)">
              <conditions>
                <condition number="2" type="jump" coverage="100%" />
                <condition number="18" type="jump" coverage="100%" />
              </conditions>
            </line>
            <line number="284" hits="2" branch="False" />
            <line number="285" hits="2" branch="False" />
            <line number="287" hits="5" branch="False" />
            <line number="288" hits="5" branch="False" />
            <line number="289" hits="129" branch="True" condition-coverage="100% (2/2)">
              <conditions>
                <condition number="340" type="jump" coverage="100%" />
              </conditions>
            </line>
            <line number="290" hits="57" branch="False" />
            <line number="291" hits="57" branch="True" condition-coverage="100% (2/2)">
              <conditions>
                <condition number="84" type="jump" coverage="100%" />
              </conditions>
            </line>
            <line number="292" hits="29" branch="False" />
            <line number="293" hits="29" branch="True" condition-coverage="100% (2/2)">
              <conditions>
                <condition number="103" type="jump" coverage="100%" />
              </conditions>
            </line>
            <line number="294" hits="5" branch="False" />
            <line number="295" hits="5" branch="False" />
            <line number="296" hits="5" branch="False" />
            <line number="298" hits="24" branch="False" />
            <line number="299" hits="24" branch="True" condition-coverage="100% (2/2)">
              <conditions>
                <condition number="142" type="jump" coverage="100%" />
              </conditions>
            </line>
            <line number="300" hits="3" branch="False" />
            <line number="301" hits="3" branch="False" />
            <line number="302" hits="3" branch="False" />
            <line number="303" hits="21" branch="True" condition-coverage="100% (2/2)">
              <conditions>
                <condition number="180" type="jump" coverage="100%" />
              </conditions>
            </line>
            <line number="304" hits="3" branch="False" />
            <line number="305" hits="6" branch="True" condition-coverage="100% (2/2)">
              <conditions>
                <condition number="227" type="jump" coverage="100%" />
              </conditions>
            </line>
            <line number="306" hits="3" branch="False" />
            <line number="307" hits="3" branch="False" />
            <line number="308" hits="3" branch="False" />
            <line number="309" hits="3" branch="False" />
            <line number="310" hits="3" branch="False" />
            <line number="312" hits="18" branch="False" />
            <line number="313" hits="31" branch="True" condition-coverage="100% (4/4)">
              <conditions>
                <condition number="305" type="jump" coverage="100%" />
                <condition number="263" type="jump" coverage="100%" />
              </conditions>
            </line>
            <line number="314" hits="31" branch="False" />
            <line number="315" hits="13" branch="False" />
            <line number="316" hits="13" branch="False" />
            <line number="317" hits="13" branch="False" />
            <line number="318" hits="18" branch="False" />
            <line number="319" hits="18" branch="False" />
            <line number="320" hits="24" branch="False" />
            <line number="321" hits="29" branch="False" />
            <line number="323" hits="28" branch="False" />
            <line number="324" hits="28" branch="False" />
            <line number="325" hits="28" branch="False" />
            <line number="326" hits="57" branch="False" />
            <line number="327" hits="12" branch="True" condition-coverage="100% (2/2)">
              <conditions>
                <condition number="392" type="jump" coverage="100%" />
              </conditions>
            </line>
            <line number="328" hits="7" branch="False" />
            <line number="329" hits="7" branch="False" />
            <line number="330" hits="7" branch="False" />
            <line number="331" hits="5" branch="False" />
            <line number="332" hits="7" branch="False" />
            <line number="344" hits="7" branch="False" />
            <line number="345" hits="7" branch="True" condition-coverage="100% (4/4)">
              <conditions>
                <condition number="2" type="jump" coverage="100%" />
                <condition number="18" type="jump" coverage="100%" />
              </conditions>
            </line>
            <line number="346" hits="2" branch="False" />
            <line number="347" hits="2" branch="False" />
            <line number="350" hits="5" branch="False" />
            <line number="351" hits="5" branch="False" />
            <line number="352" hits="56" branch="True" condition-coverage="100% (2/2)">
              <conditions>
                <condition number="254" type="jump" coverage="100%" />
              </conditions>
            </line>
            <line number="353" hits="22" branch="False" />
            <line number="354" hits="22" branch="True" condition-coverage="100% (2/2)">
              <conditions>
                <condition number="69" type="jump" coverage="100%" />
              </conditions>
            </line>
            <line number="355" hits="9" branch="False" />
            <line number="356" hits="9" branch="True" condition-coverage="100% (2/2)">
              <conditions>
                <condition number="88" type="jump" coverage="100%" />
              </conditions>
            </line>
            <line number="357" hits="1" branch="False" />
            <line number="358" hits="1" branch="False" />
            <line number="360" hits="8" branch="False" />
            <line number="361" hits="8" branch="False" />
            <line number="363" hits="8" branch="True" condition-coverage="100% (5/5)">
              <conditions>
                <condition number="134" type="switch" coverage="100%" />
              </conditions>
            </line>
            <line number="366" hits="2" branch="False" />
            <line number="367" hits="2" branch="False" />
            <line number="369" hits="2" branch="False" />
            <line number="370" hits="2" branch="False" />
            <line number="372" hits="1" branch="False" />
            <line number="373" hits="1" branch="False" />
            <line number="376" hits="2" branch="False" />
            <line number="377" hits="2" branch="False" />
            <line number="378" hits="1" branch="False" />
            <line number="379" hits="1" branch="False" />
            <line number="380" hits="1" branch="False" />
            <line number="381" hits="1" branch="False" />
            <line number="383" hits="1" branch="False" />
            <line number="385" hits="1" branch="False" />
            <line number="387" hits="6" branch="False" />
            <line number="388" hits="6" branch="False" />
            <line number="390" hits="13" branch="False" />
            <line number="391" hits="13" branch="False" />
            <line number="392" hits="13" branch="False" />
            <line number="393" hits="19" branch="False" />
            <line number="394" hits="2" branch="True" condition-coverage="100% (2/2)">
              <conditions>
                <condition number="292" type="jump" coverage="100%" />
              </conditions>
            </line>
            <line number="395" hits="1" branch="False" />
            <line number="396" hits="1" branch="False" />
            <line number="399" hits="1" branch="False" />
            <line number="400" hits="1" branch="False" />
            <line number="401" hits="1" branch="False" />
            <line number="403" hits="1" branch="False" />
            <line number="406" hits="1" branch="False" />
            <line number="416" hits="6" branch="False" />
            <line number="417" hits="6" branch="True" condition-coverage="100% (4/4)">
              <conditions>
                <condition number="2" type="jump" coverage="100%" />
                <condition number="18" type="jump" coverage="100%" />
              </conditions>
            </line>
            <line number="418" hits="2" branch="False" />
            <line number="419" hits="2" branch="False" />
            <line number="421" hits="4" branch="False" />
            <line number="422" hits="78" branch="True" condition-coverage="100% (2/2)">
              <conditions>
                <condition number="296" type="jump" coverage="100%" />
              </conditions>
            </line>
            <line number="423" hits="33" branch="False" />
            <line number="424" hits="33" branch="True" condition-coverage="100% (2/2)">
              <conditions>
                <condition number="68" type="jump" coverage="100%" />
              </conditions>
            </line>
            <line number="425" hits="14" branch="False" />
            <line number="426" hits="14" branch="True" condition-coverage="100% (4/4)">
              <conditions>
                <condition number="87" type="jump" coverage="100%" />
                <condition number="111" type="jump" coverage="100%" />
              </conditions>
            </line>
            <line number="427" hits="12" branch="False" />
            <line number="428" hits="12" branch="False" />
            <line number="429" hits="12" branch="False" />
            <line number="430" hits="12" branch="False" />
            <line number="431" hits="12" branch="True" condition-coverage="100% (2/2)">
              <conditions>
                <condition number="157" type="jump" coverage="100%" />
              </conditions>
            </line>
            <line number="432" hits="6" branch="False" />
            <line number="433" hits="6" branch="False" />
            <line number="434" hits="6" branch="False" />
            <line number="435" hits="6" branch="False" />
            <line number="437" hits="6" branch="False" />
            <line number="438" hits="6" branch="False" />
            <line number="439" hits="6" branch="False" />
            <line number="440" hits="6" branch="False" />
            <line number="441" hits="12" branch="False" />
            <line number="442" hits="12" branch="False" />
            <line number="444" hits="2" branch="False" />
            <line number="445" hits="2" branch="False" />
            <line number="446" hits="2" branch="False" />
            <line number="447" hits="2" branch="False" />
            <line number="448" hits="2" branch="False" />
            <line number="449" hits="2" branch="False" />
            <line number="450" hits="2" branch="False" />
            <line number="451" hits="2" branch="False" />
            <line number="452" hits="14" branch="False" />
            <line number="454" hits="19" branch="False" />
            <line number="455" hits="19" branch="False" />
            <line number="456" hits="19" branch="False" />
            <line number="457" hits="19" branch="False" />
            <line number="458" hits="33" branch="False" />
            <line number="459" hits="4" branch="True" condition-coverage="100% (2/2)">
              <conditions>
                <condition number="334" type="jump" coverage="100%" />
              </conditions>
            </line>
            <line number="460" hits="1" branch="False" />
            <line number="461" hits="1" branch="False" />
            <line number="464" hits="3" branch="False" />
            <line number="465" hits="3" branch="False" />
            <line number="13" hits="1" branch="False" />
            <line number="14" hits="1" branch="False" />
            <line number="15" hits="1" branch="False" />
            <line number="16" hits="1" branch="False" />
            <line number="17" hits="1" branch="False" />
            <line number="18" hits="1" branch="False" />
            <line number="19" hits="1" branch="False" />
            <line number="20" hits="1" branch="False" />
            <line number="26" hits="1" branch="False" />
          </lines>
        </class>
        <class name="Tools.Fraction" filename="Tools\Fraction.cs" line-rate="0.8" branch-rate="0.7777" complexity="24">
          <methods>
            <method name="GCD" signature="(System.Int64,System.Int64)" line-rate="1" branch-rate="1" complexity="2">
              <lines>
                <line number="34" hits="379" branch="False" />
                <line number="35" hits="379" branch="True" condition-coverage="100% (2/2)">
                  <conditions>
                    <condition number="2" type="jump" coverage="100%" />
                  </conditions>
                </line>
                <line number="36" hits="379" branch="False" />
                <line number="37" hits="379" branch="False" />
              </lines>
            </method>
            <method name="Reduce" signature="()" line-rate="1" branch-rate="1" complexity="4">
              <lines>
                <line number="43" hits="114" branch="False" />
                <line number="44" hits="114" branch="True" condition-coverage="100% (2/2)">
                  <conditions>
                    <condition number="13" type="jump" coverage="100%" />
                  </conditions>
                </line>
                <line number="45" hits="10" branch="False" />
                <line number="46" hits="10" branch="False" />
                <line number="48" hits="10" branch="False" />
                <line number="50" hits="104" branch="False" />
                <line number="51" hits="104" branch="False" />
                <line number="52" hits="104" branch="False" />
                <line number="53" hits="104" branch="True" condition-coverage="100% (2/2)">
                  <conditions>
                    <condition number="84" type="jump" coverage="100%" />
                  </conditions>
                </line>
                <line number="54" hits="20" branch="False" />
                <line number="55" hits="20" branch="False" />
                <line number="56" hits="20" branch="False" />
                <line number="57" hits="20" branch="False" />
                <line number="58" hits="114" branch="False" />
              </lines>
            </method>
            <method name="op_Addition" signature="(Tools.Fraction,Tools.Fraction)" line-rate="1" branch-rate="1" complexity="1">
              <lines>
                <line number="61" hits="9" branch="False" />
                <line number="62" hits="9" branch="False" />
                <line number="63" hits="9" branch="False" />
                <line number="64" hits="9" branch="False" />
                <line number="65" hits="9" branch="False" />
                <line number="66" hits="9" branch="False" />
                <line number="68" hits="9" branch="False" />
                <line number="69" hits="9" branch="False" />
              </lines>
            </method>
            <method name="op_Subtraction" signature="(Tools.Fraction,Tools.Fraction)" line-rate="1" branch-rate="1" complexity="1">
              <lines>
                <line number="72" hits="10" branch="False" />
                <line number="73" hits="10" branch="False" />
                <line number="74" hits="10" branch="False" />
                <line number="75" hits="10" branch="False" />
                <line number="76" hits="10" branch="False" />
                <line number="77" hits="10" branch="False" />
                <line number="79" hits="10" branch="False" />
                <line number="80" hits="10" branch="False" />
              </lines>
            </method>
            <method name="op_Multiply" signature="(Tools.Fraction,Tools.Fraction)" line-rate="1" branch-rate="1" complexity="1">
              <lines>
                <line number="83" hits="9" branch="False" />
                <line number="84" hits="9" branch="False" />
                <line number="85" hits="9" branch="False" />
                <line number="86" hits="9" branch="False" />
                <line number="87" hits="9" branch="False" />
                <line number="89" hits="9" branch="False" />
                <line number="90" hits="9" branch="False" />
              </lines>
            </method>
            <method name="op_Division" signature="(Tools.Fraction,Tools.Fraction)" line-rate="1" branch-rate="1" complexity="2">
              <lines>
                <line number="100" hits="9" branch="False" />
                <line number="101" hits="9" branch="True" condition-coverage="100% (2/2)">
                  <conditions>
                    <condition number="13" type="jump" coverage="100%" />
                  </conditions>
                </line>
                <line number="102" hits="3" branch="False" />
                <line number="103" hits="3" branch="False" />
                <line number="105" hits="6" branch="False" />
                <line number="106" hits="6" branch="False" />
                <line number="107" hits="6" branch="False" />
                <line number="108" hits="6" branch="False" />
                <line number="110" hits="6" branch="False" />
                <line number="111" hits="6" branch="False" />
              </lines>
            </method>
            <method name="GetRandomFraction" signature="(Tools.Settings/OperandSettings)" line-rate="0" branch-rate="0" complexity="2">
              <lines>
                <line number="118" hits="0" branch="False" />
                <line number="120" hits="0" branch="False" />
                <line number="121" hits="0" branch="False" />
                <line number="122" hits="0" branch="False" />
                <line number="123" hits="0" branch="True" condition-coverage="0% (0/2)">
                  <conditions>
                    <condition number="31" type="jump" coverage="0%" />
                  </conditions>
                </line>
                <line number="124" hits="0" branch="False" />
                <line number="125" hits="0" branch="False" />
                <line number="126" hits="0" branch="False" />
                <line number="128" hits="0" branch="False" />
                <line number="129" hits="0" branch="False" />
                <line number="130" hits="0" branch="False" />
                <line number="132" hits="0" branch="False" />
                <line number="133" hits="0" branch="False" />
                <line number="134" hits="0" branch="False" />
                <line number="135" hits="0" branch="False" />
              </lines>
            </method>
            <method name="ToString" signature="()" line-rate="0.8181" branch-rate="0.75" complexity="4">
              <lines>
                <line number="138" hits="9" branch="False" />
                <line number="139" hits="9" branch="False" />
                <line number="140" hits="9" branch="True" condition-coverage="100% (2/2)">
                  <conditions>
                    <condition number="24" type="jump" coverage="100%" />
                  </conditions>
                </line>
                <line number="141" hits="1" branch="False" />
                <line number="142" hits="1" branch="False" />
                <line number="144" hits="8" branch="True" condition-coverage="50% (1/2)">
                  <conditions>
                    <condition number="47" type="jump" coverage="50%" />
                  </conditions>
                </line>
                <line number="145" hits="0" branch="False" />
                <line number="146" hits="0" branch="False" />
                <line number="149" hits="8" branch="False" />
                <line number="150" hits="8" branch="False" />
                <line number="152" hits="9" branch="False" />
              </lines>
            </method>
            <method name="ToHTML" signature="()" line-rate="0.8332999999999999" branch-rate="0.75" complexity="4">
              <lines>
                <line number="159" hits="7" branch="False" />
                <line number="160" hits="7" branch="False" />
                <line number="161" hits="7" branch="True" condition-coverage="100% (2/2)">
                  <conditions>
                    <condition number="24" type="jump" coverage="100%" />
                  </conditions>
                </line>
                <line number="162" hits="1" branch="False" />
                <line number="163" hits="1" branch="False" />
[...]
                    <condition number="74" type="jump" coverage="50%" />
                  </conditions>
                </line>
                <line number="88" hits="1" branch="False" />
                <line number="90" hits="1" branch="False" />
                <line number="91" hits="1" branch="False" />
                <line number="92" hits="1" branch="False" />
                <line number="93" hits="1" branch="False" />
              </lines>
            </method>
            <method name="TestToString" signature="()" line-rate="1" branch-rate="1" complexity="1">
              <lines>
                <line number="97" hits="1" branch="False" />
                <line number="98" hits="1" branch="False" />
                <line number="100" hits="1" branch="False" />
                <line number="102" hits="1" branch="False" />
                <line number="103" hits="1" branch="False" />
                <line number="105" hits="1" branch="False" />
                <line number="106" hits="1" branch="False" />
                <line number="108" hits="1" branch="False" />
                <line number="109" hits="1" branch="False" />
                <line number="111" hits="1" branch="False" />
                <line number="112" hits="1" branch="False" />
                <line number="113" hits="1" branch="False" />
              </lines>
            </method>
            <method name="TestToHTML" signature="()" line-rate="1" branch-rate="1" complexity="1">
              <lines>
                <line number="117" hits="1" branch="False" />
                <line number="118" hits="1" branch="False" />
                <line number="120" hits="1" branch="False" />
                <line number="122" hits="1" branch="False" />
                <line number="123" hits="1" branch="False" />
                <line number="125" hits="1" branch="False" />
                <line number="126" hits="1" branch="False" />
                <line number="127" hits="1" branch="False" />
                <line number="129" hits="1" branch="False" />
                <line number="130" hits="1" branch="False" />
                <line number="132" hits="1" branch="False" />
                <line number="133" hits="1" branch="False" />
                <line number="134" hits="1" branch="False" />
              </lines>
            </method>
            <method name="TestAddition" signature="()" line-rate="1" branch-rate="0.5" complexity="6">
              <lines>
                <line number="138" hits="1" branch="False" />
                <line number="139" hits="1" branch="False" />
                <line number="140" hits="1" branch="False" />
                <line number="142" hits="1" branch="False" />
                <line number="143" hits="1" branch="True" condition-coverage="50% (1/2)">
                  <conditions>
                    <condition number="46" type="jump" coverage="50%" />
                  </conditions>
                </line>
                <line number="145" hits="1" branch="False" />
                <line number="146" hits="1" branch="False" />
                <line number="147" hits="1" branch="True" condition-coverage="50% (1/2)">
                  <conditions>
                    <condition number="109" type="jump" coverage="50%" />
                  </conditions>
                </line>
                <line number="149" hits="1" branch="False" />
                <line number="150" hits="1" branch="False" />
                <line number="151" hits="1" branch="False" />
                <line number="152" hits="1" branch="True" condition-coverage="50% (1/2)">
                  <conditions>
                    <condition number="192" type="jump" coverage="50%" />
                  </conditions>
                </line>
                <line number="153" hits="1" branch="False" />
              </lines>
            </method>
            <method name="TestSubscribe" signature="()" line-rate="1" branch-rate="0.5" complexity="6">
              <lines>
                <line number="157" hits="1" branch="False" />
                <line number="158" hits="1" branch="False" />
                <line number="159" hits="1" branch="False" />
                <line number="161" hits="1" branch="False" />
                <line number="162" hits="1" branch="True" condition-coverage="50% (1/2)">
                  <conditions>
                    <condition number="45" type="jump" coverage="50%" />
                  </conditions>
                </line>
                <line number="164" hits="1" branch="False" />
                <line number="165" hits="1" branch="False" />
                <line number="166" hits="1" branch="True" condition-coverage="50% (1/2)">
                  <conditions>
                    <condition number="111" type="jump" coverage="50%" />
                  </conditions>
                </line>
                <line number="168" hits="1" branch="False" />
                <line number="169" hits="1" branch="False" />
                <line number="170" hits="1" branch="False" />
                <line number="171" hits="1" branch="True" condition-coverage="50% (1/2)">
                  <conditions>
                    <condition number="195" type="jump" coverage="50%" />
                  </conditions>
                </line>
                <line number="172" hits="1" branch="False" />
              </lines>
            </method>
            <method name="TestMultiply" signature="()" line-rate="1" branch-rate="0.5" complexity="8">
              <lines>
                <line number="176" hits="1" branch="False" />
                <line number="177" hits="1" branch="False" />
                <line number="178" hits="1" branch="False" />
                <line number="180" hits="1" branch="False" />
                <line number="181" hits="1" branch="True" condition-coverage="50% (1/2)">
                  <conditions>
                    <condition number="45" type="jump" coverage="50%" />
                  </conditions>
                </line>
                <line number="183" hits="1" branch="False" />
                <line number="184" hits="1" branch="False" />
                <line number="185" hits="1" branch="True" condition-coverage="50% (1/2)">
                  <conditions>
                    <condition number="111" type="jump" coverage="50%" />
                  </conditions>
                </line>
                <line number="187" hits="1" branch="False" />
                <line number="188" hits="1" branch="False" />
                <line number="189" hits="1" branch="False" />
                <line number="190" hits="1" branch="True" condition-coverage="50% (1/2)">
                  <conditions>
                    <condition number="199" type="jump" coverage="50%" />
                  </conditions>
                </line>
                <line number="192" hits="1" branch="False" />
                <line number="193" hits="1" branch="False" />
                <line number="194" hits="1" branch="False" />
                <line number="195" hits="1" branch="True" condition-coverage="50% (1/2)">
                  <conditions>
                    <condition number="282" type="jump" coverage="50%" />
                  </conditions>
                </line>
                <line number="196" hits="1" branch="False" />
              </lines>
            </method>
            <method name="TestDivid" signature="()" line-rate="0.95" branch-rate="0.5" complexity="4">
              <lines>
                <line number="200" hits="1" branch="False" />
                <line number="201" hits="1" branch="False" />
                <line number="202" hits="1" branch="False" />
                <line number="204" hits="1" branch="False" />
                <line number="205" hits="1" branch="True" condition-coverage="50% (1/2)">
                  <conditions>
                    <condition number="45" type="jump" coverage="50%" />
                  </conditions>
                </line>
                <line number="207" hits="1" branch="False" />
                <line number="208" hits="1" branch="False" />
                <line number="210" hits="1" branch="False" />
                <line number="211" hits="1" branch="False" />
                <line number="212" hits="0" branch="False" />
                <line number="213" hits="1" branch="False" />
                <line number="214" hits="1" branch="False" />
                <line number="215" hits="1" branch="False" />
                <line number="216" hits="1" branch="False" />
                <line number="217" hits="1" branch="False" />
                <line number="219" hits="1" branch="False" />
                <line number="220" hits="1" branch="False" />
                <line number="221" hits="1" branch="False" />
                <line number="222" hits="1" branch="True" condition-coverage="50% (1/2)">
                  <conditions>
                    <condition number="189" type="jump" coverage="50%" />
                  </conditions>
                </line>
                <line number="223" hits="1" branch="False" />
              </lines>
            </method>
          </methods>
          <lines>
            <line number="11" hits="9" branch="False" />
            <line number="12" hits="9" branch="False" />
            <line number="16" hits="1" branch="False" />
            <line number="17" hits="1" branch="False" />
            <line number="18" hits="1" branch="False" />
            <line number="19" hits="1" branch="False" />
            <line number="20" hits="1" branch="False" />
            <line number="21" hits="1" branch="False" />
            <line number="22" hits="1" branch="False" />
            <line number="23" hits="1" branch="False" />
            <line number="25" hits="1" branch="False" />
            <line number="27" hits="1" branch="False" />
            <line number="29" hits="1" branch="False" />
            <line number="30" hits="1" branch="False" />
            <line number="32" hits="1" branch="False" />
            <line number="33" hits="1" branch="False" />
            <line number="35" hits="1" branch="False" />
            <line number="36" hits="1" branch="False" />
            <line number="38" hits="1" branch="False" />
            <line number="39" hits="1" branch="False" />
            <line number="40" hits="1" branch="False" />
            <line number="44" hits="1" branch="False" />
            <line number="45" hits="1" branch="False" />
            <line number="46" hits="1" branch="False" />
            <line number="48" hits="1" branch="False" />
            <line number="50" hits="1" branch="False" />
            <line number="51" hits="1" branch="False" />
            <line number="52" hits="1" branch="False" />
            <line number="54" hits="1" branch="False" />
            <line number="55" hits="1" branch="False" />
            <line number="57" hits="1" branch="False" />
            <line number="58" hits="1" branch="False" />
            <line number="60" hits="1" branch="False" />
            <line number="61" hits="1" branch="False" />
            <line number="63" hits="1" branch="False" />
            <line number="64" hits="1" branch="False" />
            <line number="65" hits="1" branch="False" />
            <line number="66" hits="1" branch="False" />
            <line number="68" hits="1" branch="False" />
            <line number="69" hits="1" branch="False" />
            <line number="70" hits="1" branch="False" />
            <line number="71" hits="1" branch="False" />
            <line number="73" hits="1" branch="False" />
            <line number="74" hits="1" branch="False" />
            <line number="75" hits="1" branch="False" />
            <line number="76" hits="1" branch="False" />
            <line number="80" hits="1" branch="False" />
            <line number="81" hits="1" branch="False" />
            <line number="82" hits="1" branch="False" />
            <line number="83" hits="1" branch="False" />
            <line number="85" hits="1" branch="False" />
            <line number="86" hits="1" branch="False" />
            <line number="87" hits="1" branch="True" condition-coverage="50% (1/2)">
              <conditions>
                <condition number="74" type="jump" coverage="50%" />
              </conditions>
            </line>
            <line number="88" hits="1" branch="False" />
            <line number="90" hits="1" branch="False" />
            <line number="91" hits="1" branch="False" />
            <line number="92" hits="1" branch="False" />
            <line number="93" hits="1" branch="False" />
            <line number="97" hits="1" branch="False" />
            <line number="98" hits="1" branch="False" />
            <line number="100" hits="1" branch="False" />
            <line number="102" hits="1" branch="False" />
            <line number="103" hits="1" branch="False" />
            <line number="105" hits="1" branch="False" />
            <line number="106" hits="1" branch="False" />
            <line number="108" hits="1" branch="False" />
            <line number="109" hits="1" branch="False" />
            <line number="111" hits="1" branch="False" />
            <line number="112" hits="1" branch="False" />
            <line number="113" hits="1" branch="False" />
            <line number="117" hits="1" branch="False" />
            <line number="118" hits="1" branch="False" />
            <line number="120" hits="1" branch="False" />
            <line number="122" hits="1" branch="False" />
            <line number="123" hits="1" branch="False" />
            <line number="125" hits="1" branch="False" />
            <line number="126" hits="1" branch="False" />
            <line number="127" hits="1" branch="False" />
            <line number="129" hits="1" branch="False" />
            <line number="130" hits="1" branch="False" />
            <line number="132" hits="1" branch="False" />
            <line number="133" hits="1" branch="False" />
            <line number="134" hits="1" branch="False" />
            <line number="138" hits="1" branch="False" />
            <line number="139" hits="1" branch="False" />
            <line number="140" hits="1" branch="False" />
            <line number="142" hits="1" branch="False" />
            <line number="143" hits="1" branch="True" condition-coverage="50% (1/2)">
              <conditions>
                <condition number="46" type="jump" coverage="50%" />
              </conditions>
            </line>
            <line number="145" hits="1" branch="False" />
            <line number="146" hits="1" branch="False" />
            <line number="147" hits="1" branch="True" condition-coverage="50% (1/2)">
              <conditions>
                <condition number="109" type="jump" coverage="50%" />
              </conditions>
            </line>
            <line number="149" hits="1" branch="False" />
            <line number="150" hits="1" branch="False" />
            <line number="151" hits="1" branch="False" />
            <line number="152" hits="1" branch="True" condition-coverage="50% (1/2)">
              <conditions>
                <condition number="192" type="jump" coverage="50%" />
              </conditions>
            </line>
            <line number="153" hits="1" branch="False" />
            <line number="157" hits="1" branch="False" />
            <line number="158" hits="1" branch="False" />
            <line number="159" hits="1" branch="False" />
            <line number="161" hits="1" branch="False" />
            <line number="162" hits="1" branch="True" condition-coverage="50% (1/2)">
              <conditions>
                <condition number="45" type="jump" coverage="50%" />
              </conditions>
            </line>
            <line number="164" hits="1" branch="False" />
            <line number="165" hits="1" branch="False" />
            <line number="166" hits="1" branch="True" condition-coverage="50% (1/2)">
              <conditions>
                <condition number="111" type="jump" coverage="50%" />
              </conditions>
            </line>
            <line number="168" hits="1" branch="False" />
            <line number="169" hits="1" branch="False" />
            <line number="170" hits="1" branch="False" />
            <line number="171" hits="1" branch="True" condition-coverage="50% (1/2)">
              <conditions>
                <condition number="195" type="jump" coverage="50%" />
              </conditions>
            </line>
            <line number="172" hits="1" branch="False" />
            <line number="176" hits="1" branch="False" />
            <line number="177" hits="1" branch="False" />
            <line number="178" hits="1" branch="False" />
            <line number="180" hits="1" branch="False" />
            <line number="181" hits="1" branch="True" condition-coverage="50% (1/2)">
              <conditions>
                <condition number="45" type="jump" coverage="50%" />
              </conditions>
            </line>
            <line number="183" hits="1" branch="False" />
            <line number="184" hits="1" branch="False" />
            <line number="185" hits="1" branch="True" condition-coverage="50% (1/2)">
              <conditions>
                <condition number="111" type="jump" coverage="50%" />
              </conditions>
            </line>
            <line number="187" hits="1" branch="False" />
            <line number="188" hits="1" branch="False" />
            <line number="189" hits="1" branch="False" />
            <line number="190" hits="1" branch="True" condition-coverage="50% (1/2)">
              <conditions>
                <condition number="199" type="jump" coverage="50%" />
              </conditions>
            </line>
            <line number="192" hits="1" branch="False" />
            <line number="193" hits="1" branch="False" />
            <line number="194" hits="1" branch="False" />
            <line number="195" hits="1" branch="True" condition-coverage="50% (1/2)">
              <conditions>
                <condition number="282" type="jump" coverage="50%" />
              </conditions>
            </line>
            <line number="196" hits="1" branch="False" />
            <line number="200" hits="1" branch="False" />
            <line number="201" hits="1" branch="False" />
            <line number="202" hits="1" branch="False" />
            <line number="204" hits="1" branch="False" />
            <line number="205" hits="1" branch="True" condition-coverage="50% (1/2)">
              <conditions>
                <condition number="45" type="jump" coverage="50%" />
              </conditions>
            </line>
            <line number="207" hits="1" branch="False" />
            <line number="208" hits="1" branch="False" />
            <line number="210" hits="1" branch="False" />
            <line number="211" hits="1" branch="False" />
            <line number="212" hits="0" branch="False" />
            <line number="213" hits="1" branch="False" />
            <line number="214" hits="1" branch="False" />
            <line number="215" hits="1" branch="False" />
            <line number="216" hits="1" branch="False" />
            <line number="217" hits="1" branch="False" />
            <line number="219" hits="1" branch="False" />
            <line number="220" hits="1" branch="False" />
            <line number="221" hits="1" branch="False" />
            <line number="222" hits="1" branch="True" condition-coverage="50% (1/2)">
              <conditions>
                <condition number="189" type="jump" coverage="50%" />
              </conditions>
            </line>
            <line number="223" hits="1" branch="False" />
          </lines>
        </class>
      </classes>
    </package>
  </packages>
</coverage>